2022-Aug-17 21:21:02 [Information] .net4.8
2022-Aug-17 21:21:02 [Information] Creating objects...
2022-Aug-17 21:21:02 [Information] Total count of targets tags is 0
2022-Aug-17 21:21:02 [Information] Creating objects... Done
2022-Aug-17 21:21:02 [Information] Connecting to controller AMS 172.20.10.110.1.1 port 851
2022-Aug-17 21:21:02 [Information] Symbol loading mode: LoadAndLinkOnTheFly
2022-Aug-17 21:21:02 [Information] Start rw ops...
2022-Aug-17 21:21:02 [Information] Start rw ops... Done
2022-Aug-17 21:21:02 [Information] Reading identities...
2022-Aug-17 21:21:02 [Information] Reading identities done.
2022-Aug-17 21:21:02 [Information] Number of identities: 0 | Unique :0
2022-Aug-17 21:21:02 [Information] Sorting identities...
2022-Aug-17 21:21:02 [Information] Sorting identities done.
2022-Aug-17 21:35:33 [Information] .net4.8
2022-Aug-17 21:35:33 [Information] Creating objects...
2022-Aug-17 21:35:33 [Information] Total count of targets tags is 0
2022-Aug-17 21:35:33 [Information] Creating objects... Done
2022-Aug-17 21:35:33 [Information] Connecting to controller AMS 172.20.10.110.1.1 port 851
2022-Aug-17 21:35:33 [Information] Symbol loading mode: LoadAndLinkOnTheFly
2022-Aug-17 21:35:33 [Information] Start rw ops...
2022-Aug-17 21:35:33 [Information] Start rw ops... Done
2022-Aug-17 21:35:33 [Information] Reading identities...
2022-Aug-17 21:35:33 [Information] Reading identities done.
2022-Aug-17 21:35:33 [Information] Number of identities: 0 | Unique :0
2022-Aug-17 21:35:33 [Information] Sorting identities...
2022-Aug-17 21:35:33 [Information] Sorting identities done.
2022-Aug-18 08:55:00 [Information] .net4.8
2022-Aug-18 08:55:00 [Information] Creating objects...
2022-Aug-18 08:55:00 [Information] Total count of targets tags is 0
2022-Aug-18 08:55:00 [Information] Creating objects... Done
2022-Aug-18 08:55:00 [Information] Connecting to controller AMS 172.20.10.110.1.1 port 851
2022-Aug-18 08:55:00 [Information] Symbol loading mode: LoadAndLinkOnTheFly
2022-Aug-18 08:55:00 [Information] Start rw ops...
2022-Aug-18 08:55:00 [Information] Start rw ops... Done
2022-Aug-18 08:55:00 [Information] Reading identities...
2022-Aug-18 08:55:00 [Information] Reading identities done.
2022-Aug-18 08:55:00 [Information] Number of identities: 0 | Unique :0
2022-Aug-18 08:55:00 [Information] Sorting identities...
2022-Aug-18 08:55:00 [Information] Sorting identities done.
2022-Aug-18 12:35:09 [Information] .net4.8
2022-Aug-18 12:35:09 [Information] Creating objects...
2022-Aug-18 12:35:09 [Information] Total count of targets tags is 0
2022-Aug-18 12:35:09 [Information] Creating objects... Done
2022-Aug-18 12:35:10 [Information] Connecting to controller AMS 172.20.10.110.1.1 port 851
2022-Aug-18 12:35:10 [Information] Symbol loading mode: LoadAndLinkOnTheFly
2022-Aug-18 12:35:10 [Information] Start rw ops...
2022-Aug-18 12:35:10 [Information] Start rw ops... Done
2022-Aug-18 12:35:10 [Information] Reading identities...
2022-Aug-18 12:35:10 [Information] Reading identities done.
2022-Aug-18 12:35:10 [Information] Number of identities: 0 | Unique :0
2022-Aug-18 12:35:10 [Information] Sorting identities...
2022-Aug-18 12:35:10 [Information] Sorting identities done.
2022-Aug-18 12:53:22 [Information] .net4.8
2022-Aug-18 12:53:22 [Information] Creating objects...
2022-Aug-18 12:53:22 [Information] Total count of targets tags is 0
2022-Aug-18 12:53:22 [Information] Creating objects... Done
2022-Aug-18 12:53:22 [Information] Connecting to controller AMS 172.20.10.110.1.1 port 851
2022-Aug-18 12:53:22 [Information] Symbol loading mode: LoadAndLinkOnTheFly
2022-Aug-18 12:53:22 [Information] Start rw ops...
2022-Aug-18 12:53:22 [Information] Start rw ops... Done
2022-Aug-18 12:53:22 [Information] Reading identities...
2022-Aug-18 12:53:22 [Information] Reading identities done.
2022-Aug-18 12:53:22 [Information] Number of identities: 0 | Unique :0
2022-Aug-18 12:53:22 [Information] Sorting identities...
2022-Aug-18 12:53:22 [Information] Sorting identities done.
