2022-Aug-18 08:58:04 [Information] .net4.8
2022-Aug-18 08:58:04 [Information] Creating objects...
2022-Aug-18 08:58:04 [Information] Total count of targets tags is 0
2022-Aug-18 08:58:04 [Information] Creating objects... Done
2022-Aug-18 08:58:05 [Information] Connecting to controller AMS 172.20.10.110.1.1 port 851
2022-Aug-18 08:58:05 [Information] Symbol loading mode: LoadAndLinkOnTheFly
2022-Aug-18 08:58:05 [Information] Start rw ops...
2022-Aug-18 08:58:05 [Information] Start rw ops... Done
2022-Aug-18 08:58:05 [Information] Reading identities...
2022-Aug-18 08:58:05 [Information] Reading identities done.
2022-Aug-18 08:58:05 [Information] Number of identities: 0 | Unique :0
2022-Aug-18 08:58:05 [Information] Sorting identities...
2022-Aug-18 08:58:05 [Information] Sorting identities done.
2022-Aug-18 12:12:51 [Information] .net4.8
2022-Aug-18 12:12:51 [Information] Creating objects...
2022-Aug-18 12:12:51 [Information] Total count of targets tags is 0
2022-Aug-18 12:12:51 [Information] Creating objects... Done
2022-Aug-18 12:12:51 [Information] Connecting to controller AMS 172.20.10.110.1.1 port 851
2022-Aug-18 12:12:51 [Information] Symbol loading mode: LoadAndLinkOnTheFly
2022-Aug-18 12:12:51 [Information] Start rw ops...
2022-Aug-18 12:12:51 [Information] Start rw ops... Done
2022-Aug-18 12:12:51 [Information] Reading identities...
2022-Aug-18 12:12:51 [Information] Reading identities done.
2022-Aug-18 12:12:51 [Information] Number of identities: 0 | Unique :0
2022-Aug-18 12:12:51 [Information] Sorting identities...
2022-Aug-18 12:12:51 [Information] Sorting identities done.
2022-Aug-18 12:27:29 [Information] .net4.8
2022-Aug-18 12:27:29 [Information] Creating objects...
2022-Aug-18 12:27:29 [Information] Total count of targets tags is 0
2022-Aug-18 12:27:29 [Information] Creating objects... Done
2022-Aug-18 12:27:29 [Information] Connecting to controller AMS 172.20.10.110.1.1 port 851
2022-Aug-18 12:27:29 [Information] Symbol loading mode: LoadAndLinkOnTheFly
2022-Aug-18 12:27:29 [Information] Start rw ops...
2022-Aug-18 12:27:30 [Information] Start rw ops... Done
2022-Aug-18 12:27:30 [Information] Reading identities...
2022-Aug-18 12:27:30 [Information] Reading identities done.
2022-Aug-18 12:27:30 [Information] Number of identities: 0 | Unique :0
2022-Aug-18 12:27:30 [Information] Sorting identities...
2022-Aug-18 12:27:30 [Information] Sorting identities done.
2022-Aug-18 12:56:42 [Information] .net4.8
2022-Aug-18 12:56:42 [Information] Creating objects...
2022-Aug-18 12:56:42 [Information] Total count of targets tags is 0
2022-Aug-18 12:56:42 [Information] Creating objects... Done
2022-Aug-18 12:56:42 [Information] Connecting to controller AMS 172.20.10.110.1.1 port 851
2022-Aug-18 12:56:42 [Information] Symbol loading mode: LoadAndLinkOnTheFly
2022-Aug-18 12:56:42 [Information] Start rw ops...
2022-Aug-18 12:56:42 [Information] Start rw ops... Done
2022-Aug-18 12:56:42 [Information] Reading identities...
2022-Aug-18 12:56:42 [Information] Reading identities done.
2022-Aug-18 12:56:42 [Information] Number of identities: 0 | Unique :0
2022-Aug-18 12:56:42 [Information] Sorting identities...
2022-Aug-18 12:56:42 [Information] Sorting identities done.
2022-Aug-18 12:58:55 [Information] .net4.8
2022-Aug-18 12:58:55 [Information] Creating objects...
2022-Aug-18 12:58:55 [Information] Total count of targets tags is 0
2022-Aug-18 12:58:55 [Information] Creating objects... Done
2022-Aug-18 12:58:56 [Information] Connecting to controller AMS 172.20.10.110.1.1 port 851
2022-Aug-18 12:58:56 [Information] Symbol loading mode: LoadAndLinkOnTheFly
2022-Aug-18 12:58:56 [Information] Start rw ops...
2022-Aug-18 12:58:56 [Information] Start rw ops... Done
2022-Aug-18 12:58:56 [Information] Reading identities...
2022-Aug-18 12:58:56 [Information] Reading identities done.
2022-Aug-18 12:58:56 [Information] Number of identities: 0 | Unique :0
2022-Aug-18 12:58:56 [Information] Sorting identities...
2022-Aug-18 12:58:56 [Information] Sorting identities done.
2022-Aug-18 13:02:23 [Information] .net4.8
2022-Aug-18 13:02:23 [Information] Creating objects...
2022-Aug-18 13:02:23 [Information] Total count of targets tags is 0
2022-Aug-18 13:02:23 [Information] Creating objects... Done
2022-Aug-18 13:02:23 [Information] Connecting to controller AMS 172.20.10.110.1.1 port 851
2022-Aug-18 13:02:23 [Information] Symbol loading mode: LoadAndLinkOnTheFly
2022-Aug-18 13:02:23 [Information] Start rw ops...
2022-Aug-18 13:02:23 [Information] Start rw ops... Done
2022-Aug-18 13:02:23 [Information] Reading identities...
2022-Aug-18 13:02:23 [Information] Reading identities done.
2022-Aug-18 13:02:23 [Information] Number of identities: 0 | Unique :0
2022-Aug-18 13:02:23 [Information] Sorting identities...
2022-Aug-18 13:02:23 [Information] Sorting identities done.
2022-Aug-18 13:04:37 [Information] .net4.8
2022-Aug-18 13:04:37 [Information] Creating objects...
2022-Aug-18 13:04:37 [Information] Total count of targets tags is 0
2022-Aug-18 13:04:37 [Information] Creating objects... Done
2022-Aug-18 13:04:53 [Information] Connecting to controller AMS 172.20.10.110.1.1 port 851
2022-Aug-18 13:04:53 [Information] Symbol loading mode: LoadAndLinkOnTheFly
2022-Aug-18 13:04:53 [Information] Start rw ops...
2022-Aug-18 13:04:53 [Information] Start rw ops... Done
2022-Aug-18 13:04:53 [Information] Reading identities...
2022-Aug-18 13:04:53 [Information] Reading identities done.
2022-Aug-18 13:04:53 [Information] Number of identities: 0 | Unique :0
2022-Aug-18 13:04:53 [Information] Sorting identities...
2022-Aug-18 13:04:53 [Information] Sorting identities done.
2022-Aug-18 13:06:39 [Information] .net4.8
2022-Aug-18 13:06:39 [Information] Creating objects...
2022-Aug-18 13:06:39 [Information] Total count of targets tags is 0
2022-Aug-18 13:06:39 [Information] Creating objects... Done
2022-Aug-18 13:06:39 [Information] Connecting to controller AMS 172.20.10.110.1.1 port 851
2022-Aug-18 13:06:39 [Information] Symbol loading mode: LoadAndLinkOnTheFly
2022-Aug-18 13:06:39 [Information] Start rw ops...
2022-Aug-18 13:06:39 [Information] Start rw ops... Done
2022-Aug-18 13:06:39 [Information] Reading identities...
2022-Aug-18 13:06:40 [Information] Reading identities done.
2022-Aug-18 13:06:40 [Information] Number of identities: 0 | Unique :0
2022-Aug-18 13:06:40 [Information] Sorting identities...
2022-Aug-18 13:06:40 [Information] Sorting identities done.
2022-Aug-18 13:07:11 [Information] .net4.8
2022-Aug-18 13:07:11 [Information] Creating objects...
2022-Aug-18 13:07:11 [Information] Total count of targets tags is 0
2022-Aug-18 13:07:11 [Information] Creating objects... Done
2022-Aug-18 13:07:27 [Information] .net4.8
2022-Aug-18 13:07:27 [Information] Creating objects...
2022-Aug-18 13:07:27 [Information] Total count of targets tags is 0
2022-Aug-18 13:07:27 [Information] Creating objects... Done
2022-Aug-18 13:07:28 [Information] Connecting to controller AMS 172.20.10.110.1.1 port 851
2022-Aug-18 13:07:28 [Information] Symbol loading mode: LoadAndLinkOnTheFly
2022-Aug-18 13:07:28 [Information] Start rw ops...
2022-Aug-18 13:07:28 [Information] Start rw ops... Done
2022-Aug-18 13:07:28 [Information] Reading identities...
2022-Aug-18 13:07:28 [Information] Reading identities done.
2022-Aug-18 13:07:28 [Information] Number of identities: 0 | Unique :0
2022-Aug-18 13:07:28 [Information] Sorting identities...
2022-Aug-18 13:07:28 [Information] Sorting identities done.
2022-Aug-18 13:27:32 [Error] Runtime Exception: ''
TwinCAT.Ads.AdsErrorException: Ads-Error 0x745 : Timeout has elapsed. (Ads-Error 0x745 : Timeout has elapsed.)
   at TwinCAT.Ads.Internal.AdsRawInterceptor.ThrowAdsException(AdsErrorCode adsErrorCode)
   at TwinCAT.Ads.Internal.AdsRawInterceptor.ReadWrite(UInt32 indexGroup, UInt32 indexOffset, Int32 rdOffset, Int32 rdLength, Byte[] rdData, Int32 wrOffset, Int32 wrLength, Byte[] wrData, Boolean throwAdsException, Int32& dataRead)
   at TwinCAT.Ads.TcAdsClient.ReadWrite(UInt32 indexGroup, UInt32 indexOffset, AdsStream rdDataStream, AdsStream wrDataStream)
   at Vortex.Adapters.Connector.Tc3.uqxsyhtfwetwacarbfio.sstcqmpglvpymedrdhkc(IEnumerable`1 c)
   at Vortex.Adapters.Connector.Tc3.uqxsyhtfwetwacarbfio.sstcqmpglvpymedrdhkl()
2022-Aug-18 13:27:32 [Error] Runtime Exception: ''
TwinCAT.Ads.AdsErrorException: Ads-Error 0x745 : Timeout has elapsed. (Ads-Error 0x745 : Timeout has elapsed.)
   at TwinCAT.Ads.Internal.AdsRawInterceptor.ThrowAdsException(AdsErrorCode adsErrorCode)
   at TwinCAT.Ads.Internal.AdsRawInterceptor.ReadWrite(UInt32 indexGroup, UInt32 indexOffset, Int32 rdOffset, Int32 rdLength, Byte[] rdData, Int32 wrOffset, Int32 wrLength, Byte[] wrData, Boolean throwAdsException, Int32& dataRead)
   at TwinCAT.Ads.TcAdsClient.ReadWrite(UInt32 indexGroup, UInt32 indexOffset, AdsStream rdDataStream, AdsStream wrDataStream)
   at Vortex.Adapters.Connector.Tc3.uqxsyhtfwetwacarbfio.sstcqmpglvpymedrdhkc(IEnumerable`1 c)
   at Vortex.Adapters.Connector.Tc3.uqxsyhtfwetwacarbfio.sstcqmpglvpymedrdhkl()
2022-Aug-18 13:27:32 [Error] Runtime Exception: ''
TwinCAT.Ads.AdsErrorException: Ads-Error 0x745 : Timeout has elapsed. (Ads-Error 0x745 : Timeout has elapsed.)
   at TwinCAT.Ads.Internal.AdsRawInterceptor.ThrowAdsException(AdsErrorCode adsErrorCode)
   at TwinCAT.Ads.Internal.AdsRawInterceptor.ReadWrite(UInt32 indexGroup, UInt32 indexOffset, Int32 rdOffset, Int32 rdLength, Byte[] rdData, Int32 wrOffset, Int32 wrLength, Byte[] wrData, Boolean throwAdsException, Int32& dataRead)
   at TwinCAT.Ads.TcAdsClient.ReadWrite(UInt32 indexGroup, UInt32 indexOffset, AdsStream rdDataStream, AdsStream wrDataStream)
   at Vortex.Adapters.Connector.Tc3.uqxsyhtfwetwacarbfio.sstcqmpglvpymedrdhkc(IEnumerable`1 c)
   at Vortex.Adapters.Connector.Tc3.uqxsyhtfwetwacarbfio.sstcqmpglvpymedrdhkl()
2022-Aug-18 13:27:32 [Error] Runtime Exception: ''
TwinCAT.Ads.AdsErrorException: Ads-Error 0x745 : Timeout has elapsed. (Ads-Error 0x745 : Timeout has elapsed.)
   at TwinCAT.Ads.Internal.AdsRawInterceptor.ThrowAdsException(AdsErrorCode adsErrorCode)
   at TwinCAT.Ads.Internal.AdsRawInterceptor.ReadWrite(UInt32 indexGroup, UInt32 indexOffset, Int32 rdOffset, Int32 rdLength, Byte[] rdData, Int32 wrOffset, Int32 wrLength, Byte[] wrData, Boolean throwAdsException, Int32& dataRead)
   at TwinCAT.Ads.TcAdsClient.ReadWrite(UInt32 indexGroup, UInt32 indexOffset, AdsStream rdDataStream, AdsStream wrDataStream)
   at Vortex.Adapters.Connector.Tc3.uqxsyhtfwetwacarbfio.sstcqmpglvpymedrdhkc(IEnumerable`1 c)
   at Vortex.Adapters.Connector.Tc3.uqxsyhtfwetwacarbfio.sstcqmpglvpymedrdhkl()
2022-Aug-18 13:27:32 [Error] Runtime Exception: ''
TwinCAT.Ads.AdsErrorException: Ads-Error 0x745 : Timeout has elapsed. (Ads-Error 0x745 : Timeout has elapsed.)
   at TwinCAT.Ads.Internal.AdsRawInterceptor.ThrowAdsException(AdsErrorCode adsErrorCode)
   at TwinCAT.Ads.Internal.AdsRawInterceptor.ReadWrite(UInt32 indexGroup, UInt32 indexOffset, Int32 rdOffset, Int32 rdLength, Byte[] rdData, Int32 wrOffset, Int32 wrLength, Byte[] wrData, Boolean throwAdsException, Int32& dataRead)
   at TwinCAT.Ads.TcAdsClient.ReadWrite(UInt32 indexGroup, UInt32 indexOffset, AdsStream rdDataStream, AdsStream wrDataStream)
   at Vortex.Adapters.Connector.Tc3.uqxsyhtfwetwacarbfio.sstcqmpglvpymedrdhkc(IEnumerable`1 c)
   at Vortex.Adapters.Connector.Tc3.uqxsyhtfwetwacarbfio.sstcqmpglvpymedrdhkl()
2022-Aug-18 13:27:32 [Error] Runtime Exception: ''
TwinCAT.Ads.AdsErrorException: Ads-Error 0x745 : Timeout has elapsed. (Ads-Error 0x745 : Timeout has elapsed.)
   at TwinCAT.Ads.Internal.AdsRawInterceptor.ThrowAdsException(AdsErrorCode adsErrorCode)
   at TwinCAT.Ads.Internal.AdsRawInterceptor.ReadWrite(UInt32 indexGroup, UInt32 indexOffset, Int32 rdOffset, Int32 rdLength, Byte[] rdData, Int32 wrOffset, Int32 wrLength, Byte[] wrData, Boolean throwAdsException, Int32& dataRead)
   at TwinCAT.Ads.TcAdsClient.ReadWrite(UInt32 indexGroup, UInt32 indexOffset, AdsStream rdDataStream, AdsStream wrDataStream)
   at Vortex.Adapters.Connector.Tc3.uqxsyhtfwetwacarbfio.sstcqmpglvpymedrdhkc(IEnumerable`1 c)
   at Vortex.Adapters.Connector.Tc3.uqxsyhtfwetwacarbfio.sstcqmpglvpymedrdhkl()
2022-Aug-18 13:27:32 [Error] Runtime Exception: ''
TwinCAT.Ads.AdsErrorException: Ads-Error 0x745 : Timeout has elapsed. (Ads-Error 0x745 : Timeout has elapsed.)
   at TwinCAT.Ads.Internal.AdsRawInterceptor.ThrowAdsException(AdsErrorCode adsErrorCode)
   at TwinCAT.Ads.Internal.AdsRawInterceptor.ReadWrite(UInt32 indexGroup, UInt32 indexOffset, Int32 rdOffset, Int32 rdLength, Byte[] rdData, Int32 wrOffset, Int32 wrLength, Byte[] wrData, Boolean throwAdsException, Int32& dataRead)
   at TwinCAT.Ads.TcAdsClient.ReadWrite(UInt32 indexGroup, UInt32 indexOffset, AdsStream rdDataStream, AdsStream wrDataStream)
   at Vortex.Adapters.Connector.Tc3.uqxsyhtfwetwacarbfio.sstcqmpglvpymedrdhkc(IEnumerable`1 c)
   at Vortex.Adapters.Connector.Tc3.uqxsyhtfwetwacarbfio.sstcqmpglvpymedrdhkl()
2022-Aug-18 13:27:32 [Error] Runtime Exception: ''
TwinCAT.Ads.AdsErrorException: Ads-Error 0x745 : Timeout has elapsed. (Ads-Error 0x745 : Timeout has elapsed.)
   at TwinCAT.Ads.Internal.AdsRawInterceptor.ThrowAdsException(AdsErrorCode adsErrorCode)
   at TwinCAT.Ads.Internal.AdsRawInterceptor.ReadWrite(UInt32 indexGroup, UInt32 indexOffset, Int32 rdOffset, Int32 rdLength, Byte[] rdData, Int32 wrOffset, Int32 wrLength, Byte[] wrData, Boolean throwAdsException, Int32& dataRead)
   at TwinCAT.Ads.TcAdsClient.ReadWrite(UInt32 indexGroup, UInt32 indexOffset, AdsStream rdDataStream, AdsStream wrDataStream)
   at Vortex.Adapters.Connector.Tc3.uqxsyhtfwetwacarbfio.sstcqmpglvpymedrdhkc(IEnumerable`1 c)
   at Vortex.Adapters.Connector.Tc3.uqxsyhtfwetwacarbfio.sstcqmpglvpymedrdhkl()
2022-Aug-18 13:27:32 [Error] Runtime Exception: ''
TwinCAT.Ads.AdsErrorException: Ads-Error 0x745 : Timeout has elapsed. (Ads-Error 0x745 : Timeout has elapsed.)
   at TwinCAT.Ads.Internal.AdsRawInterceptor.ThrowAdsException(AdsErrorCode adsErrorCode)
   at TwinCAT.Ads.Internal.AdsRawInterceptor.ReadWrite(UInt32 indexGroup, UInt32 indexOffset, Int32 rdOffset, Int32 rdLength, Byte[] rdData, Int32 wrOffset, Int32 wrLength, Byte[] wrData, Boolean throwAdsException, Int32& dataRead)
   at TwinCAT.Ads.TcAdsClient.ReadWrite(UInt32 indexGroup, UInt32 indexOffset, AdsStream rdDataStream, AdsStream wrDataStream)
   at Vortex.Adapters.Connector.Tc3.uqxsyhtfwetwacarbfio.sstcqmpglvpymedrdhkc(IEnumerable`1 c)
   at Vortex.Adapters.Connector.Tc3.uqxsyhtfwetwacarbfio.sstcqmpglvpymedrdhkl()
2022-Aug-18 13:27:32 [Error] Runtime Exception: ''
TwinCAT.Ads.AdsErrorException: Ads-Error 0x745 : Timeout has elapsed. (Ads-Error 0x745 : Timeout has elapsed.)
   at TwinCAT.Ads.Internal.AdsRawInterceptor.ThrowAdsException(AdsErrorCode adsErrorCode)
   at TwinCAT.Ads.Internal.AdsRawInterceptor.ReadWrite(UInt32 indexGroup, UInt32 indexOffset, Int32 rdOffset, Int32 rdLength, Byte[] rdData, Int32 wrOffset, Int32 wrLength, Byte[] wrData, Boolean throwAdsException, Int32& dataRead)
   at TwinCAT.Ads.TcAdsClient.ReadWrite(UInt32 indexGroup, UInt32 indexOffset, AdsStream rdDataStream, AdsStream wrDataStream)
   at Vortex.Adapters.Connector.Tc3.uqxsyhtfwetwacarbfio.sstcqmpglvpymedrdhkc(IEnumerable`1 c)
   at Vortex.Adapters.Connector.Tc3.uqxsyhtfwetwacarbfio.sstcqmpglvpymedrdhkl()
2022-Aug-18 13:27:32 [Error] Runtime Exception: ''
TwinCAT.Ads.AdsErrorException: Ads-Error 0x745 : Timeout has elapsed. (Ads-Error 0x745 : Timeout has elapsed.)
   at TwinCAT.Ads.Internal.AdsRawInterceptor.ThrowAdsException(AdsErrorCode adsErrorCode)
   at TwinCAT.Ads.Internal.AdsRawInterceptor.ReadWrite(UInt32 indexGroup, UInt32 indexOffset, Int32 rdOffset, Int32 rdLength, Byte[] rdData, Int32 wrOffset, Int32 wrLength, Byte[] wrData, Boolean throwAdsException, Int32& dataRead)
   at TwinCAT.Ads.TcAdsClient.ReadWrite(UInt32 indexGroup, UInt32 indexOffset, AdsStream rdDataStream, AdsStream wrDataStream)
   at Vortex.Adapters.Connector.Tc3.uqxsyhtfwetwacarbfio.sstcqmpglvpymedrdhkc(IEnumerable`1 c)
   at Vortex.Adapters.Connector.Tc3.uqxsyhtfwetwacarbfio.sstcqmpglvpymedrdhkl()
2022-Aug-18 13:27:32 [Error] Runtime Exception: ''
TwinCAT.Ads.AdsErrorException: Ads-Error 0x745 : Timeout has elapsed. (Ads-Error 0x745 : Timeout has elapsed.)
   at TwinCAT.Ads.Internal.AdsRawInterceptor.ThrowAdsException(AdsErrorCode adsErrorCode)
   at TwinCAT.Ads.Internal.AdsRawInterceptor.ReadWrite(UInt32 indexGroup, UInt32 indexOffset, Int32 rdOffset, Int32 rdLength, Byte[] rdData, Int32 wrOffset, Int32 wrLength, Byte[] wrData, Boolean throwAdsException, Int32& dataRead)
   at TwinCAT.Ads.TcAdsClient.ReadWrite(UInt32 indexGroup, UInt32 indexOffset, AdsStream rdDataStream, AdsStream wrDataStream)
   at Vortex.Adapters.Connector.Tc3.uqxsyhtfwetwacarbfio.sstcqmpglvpymedrdhkc(IEnumerable`1 c)
   at Vortex.Adapters.Connector.Tc3.uqxsyhtfwetwacarbfio.sstcqmpglvpymedrdhkl()
2022-Aug-18 13:27:32 [Error] Runtime Exception: ''
TwinCAT.Ads.AdsErrorException: Ads-Error 0x745 : Timeout has elapsed. (Ads-Error 0x745 : Timeout has elapsed.)
   at TwinCAT.Ads.Internal.AdsRawInterceptor.ThrowAdsException(AdsErrorCode adsErrorCode)
   at TwinCAT.Ads.Internal.AdsRawInterceptor.ReadWrite(UInt32 indexGroup, UInt32 indexOffset, Int32 rdOffset, Int32 rdLength, Byte[] rdData, Int32 wrOffset, Int32 wrLength, Byte[] wrData, Boolean throwAdsException, Int32& dataRead)
   at TwinCAT.Ads.TcAdsClient.ReadWrite(UInt32 indexGroup, UInt32 indexOffset, AdsStream rdDataStream, AdsStream wrDataStream)
   at Vortex.Adapters.Connector.Tc3.uqxsyhtfwetwacarbfio.sstcqmpglvpymedrdhkc(IEnumerable`1 c)
   at Vortex.Adapters.Connector.Tc3.uqxsyhtfwetwacarbfio.sstcqmpglvpymedrdhkl()
2022-Aug-18 13:27:32 [Error] Runtime Exception: ''
TwinCAT.Ads.AdsErrorException: Ads-Error 0x745 : Timeout has elapsed. (Ads-Error 0x745 : Timeout has elapsed.)
   at TwinCAT.Ads.Internal.AdsRawInterceptor.ThrowAdsException(AdsErrorCode adsErrorCode)
   at TwinCAT.Ads.Internal.AdsRawInterceptor.ReadWrite(UInt32 indexGroup, UInt32 indexOffset, Int32 rdOffset, Int32 rdLength, Byte[] rdData, Int32 wrOffset, Int32 wrLength, Byte[] wrData, Boolean throwAdsException, Int32& dataRead)
   at TwinCAT.Ads.TcAdsClient.ReadWrite(UInt32 indexGroup, UInt32 indexOffset, AdsStream rdDataStream, AdsStream wrDataStream)
   at Vortex.Adapters.Connector.Tc3.uqxsyhtfwetwacarbfio.sstcqmpglvpymedrdhkc(IEnumerable`1 c)
   at Vortex.Adapters.Connector.Tc3.uqxsyhtfwetwacarbfio.sstcqmpglvpymedrdhkl()
2022-Aug-18 13:27:32 [Error] Runtime Exception: ''
TwinCAT.Ads.AdsErrorException: Ads-Error 0x745 : Timeout has elapsed. (Ads-Error 0x745 : Timeout has elapsed.)
   at TwinCAT.Ads.Internal.AdsRawInterceptor.ThrowAdsException(AdsErrorCode adsErrorCode)
   at TwinCAT.Ads.Internal.AdsRawInterceptor.ReadWrite(UInt32 indexGroup, UInt32 indexOffset, Int32 rdOffset, Int32 rdLength, Byte[] rdData, Int32 wrOffset, Int32 wrLength, Byte[] wrData, Boolean throwAdsException, Int32& dataRead)
   at TwinCAT.Ads.TcAdsClient.ReadWrite(UInt32 indexGroup, UInt32 indexOffset, AdsStream rdDataStream, AdsStream wrDataStream)
   at Vortex.Adapters.Connector.Tc3.uqxsyhtfwetwacarbfio.sstcqmpglvpymedrdhkc(IEnumerable`1 c)
   at Vortex.Adapters.Connector.Tc3.uqxsyhtfwetwacarbfio.sstcqmpglvpymedrdhkl()
2022-Aug-18 13:27:32 [Error] Runtime Exception: ''
TwinCAT.Ads.AdsErrorException: Ads-Error 0x745 : Timeout has elapsed. (Ads-Error 0x745 : Timeout has elapsed.)
   at TwinCAT.Ads.Internal.AdsRawInterceptor.ThrowAdsException(AdsErrorCode adsErrorCode)
   at TwinCAT.Ads.Internal.AdsRawInterceptor.ReadWrite(UInt32 indexGroup, UInt32 indexOffset, Int32 rdOffset, Int32 rdLength, Byte[] rdData, Int32 wrOffset, Int32 wrLength, Byte[] wrData, Boolean throwAdsException, Int32& dataRead)
   at TwinCAT.Ads.TcAdsClient.ReadWrite(UInt32 indexGroup, UInt32 indexOffset, AdsStream rdDataStream, AdsStream wrDataStream)
   at Vortex.Adapters.Connector.Tc3.uqxsyhtfwetwacarbfio.sstcqmpglvpymedrdhkc(IEnumerable`1 c)
   at Vortex.Adapters.Connector.Tc3.uqxsyhtfwetwacarbfio.sstcqmpglvpymedrdhkl()
2022-Aug-18 13:27:32 [Error] Runtime Exception: ''
TwinCAT.Ads.AdsErrorException: Ads-Error 0x745 : Timeout has elapsed. (Ads-Error 0x745 : Timeout has elapsed.)
   at TwinCAT.Ads.Internal.AdsRawInterceptor.ThrowAdsException(AdsErrorCode adsErrorCode)
   at TwinCAT.Ads.Internal.AdsRawInterceptor.ReadWrite(UInt32 indexGroup, UInt32 indexOffset, Int32 rdOffset, Int32 rdLength, Byte[] rdData, Int32 wrOffset, Int32 wrLength, Byte[] wrData, Boolean throwAdsException, Int32& dataRead)
   at TwinCAT.Ads.TcAdsClient.ReadWrite(UInt32 indexGroup, UInt32 indexOffset, AdsStream rdDataStream, AdsStream wrDataStream)
   at Vortex.Adapters.Connector.Tc3.uqxsyhtfwetwacarbfio.sstcqmpglvpymedrdhkc(IEnumerable`1 c)
   at Vortex.Adapters.Connector.Tc3.uqxsyhtfwetwacarbfio.sstcqmpglvpymedrdhkl()
2022-Aug-18 13:27:32 [Error] Runtime Exception: ''
TwinCAT.Ads.AdsErrorException: Ads-Error 0x745 : Timeout has elapsed. (Ads-Error 0x745 : Timeout has elapsed.)
   at TwinCAT.Ads.Internal.AdsRawInterceptor.ThrowAdsException(AdsErrorCode adsErrorCode)
   at TwinCAT.Ads.Internal.AdsRawInterceptor.ReadWrite(UInt32 indexGroup, UInt32 indexOffset, Int32 rdOffset, Int32 rdLength, Byte[] rdData, Int32 wrOffset, Int32 wrLength, Byte[] wrData, Boolean throwAdsException, Int32& dataRead)
   at TwinCAT.Ads.TcAdsClient.ReadWrite(UInt32 indexGroup, UInt32 indexOffset, AdsStream rdDataStream, AdsStream wrDataStream)
   at Vortex.Adapters.Connector.Tc3.uqxsyhtfwetwacarbfio.sstcqmpglvpymedrdhkc(IEnumerable`1 c)
   at Vortex.Adapters.Connector.Tc3.uqxsyhtfwetwacarbfio.sstcqmpglvpymedrdhkl()
2022-Aug-18 13:27:32 [Error] Runtime Exception: ''
TwinCAT.Ads.AdsErrorException: Ads-Error 0x745 : Timeout has elapsed. (Ads-Error 0x745 : Timeout has elapsed.)
   at TwinCAT.Ads.Internal.AdsRawInterceptor.ThrowAdsException(AdsErrorCode adsErrorCode)
   at TwinCAT.Ads.Internal.AdsRawInterceptor.ReadWrite(UInt32 indexGroup, UInt32 indexOffset, Int32 rdOffset, Int32 rdLength, Byte[] rdData, Int32 wrOffset, Int32 wrLength, Byte[] wrData, Boolean throwAdsException, Int32& dataRead)
   at TwinCAT.Ads.TcAdsClient.ReadWrite(UInt32 indexGroup, UInt32 indexOffset, AdsStream rdDataStream, AdsStream wrDataStream)
   at Vortex.Adapters.Connector.Tc3.uqxsyhtfwetwacarbfio.sstcqmpglvpymedrdhkc(IEnumerable`1 c)
   at Vortex.Adapters.Connector.Tc3.uqxsyhtfwetwacarbfio.sstcqmpglvpymedrdhkl()
2022-Aug-18 13:27:32 [Error] Runtime Exception: ''
TwinCAT.Ads.AdsErrorException: Ads-Error 0x745 : Timeout has elapsed. (Ads-Error 0x745 : Timeout has elapsed.)
   at TwinCAT.Ads.Internal.AdsRawInterceptor.ThrowAdsException(AdsErrorCode adsErrorCode)
   at TwinCAT.Ads.Internal.AdsRawInterceptor.ReadWrite(UInt32 indexGroup, UInt32 indexOffset, Int32 rdOffset, Int32 rdLength, Byte[] rdData, Int32 wrOffset, Int32 wrLength, Byte[] wrData, Boolean throwAdsException, Int32& dataRead)
   at TwinCAT.Ads.TcAdsClient.ReadWrite(UInt32 indexGroup, UInt32 indexOffset, AdsStream rdDataStream, AdsStream wrDataStream)
   at Vortex.Adapters.Connector.Tc3.uqxsyhtfwetwacarbfio.sstcqmpglvpymedrdhkc(IEnumerable`1 c)
   at Vortex.Adapters.Connector.Tc3.uqxsyhtfwetwacarbfio.sstcqmpglvpymedrdhkl()
2022-Aug-18 13:27:32 [Error] Runtime Exception: ''
TwinCAT.Ads.AdsErrorException: Ads-Error 0x745 : Timeout has elapsed. (Ads-Error 0x745 : Timeout has elapsed.)
   at TwinCAT.Ads.Internal.AdsRawInterceptor.ThrowAdsException(AdsErrorCode adsErrorCode)
   at TwinCAT.Ads.Internal.AdsRawInterceptor.ReadWrite(UInt32 indexGroup, UInt32 indexOffset, Int32 rdOffset, Int32 rdLength, Byte[] rdData, Int32 wrOffset, Int32 wrLength, Byte[] wrData, Boolean throwAdsException, Int32& dataRead)
   at TwinCAT.Ads.TcAdsClient.ReadWrite(UInt32 indexGroup, UInt32 indexOffset, AdsStream rdDataStream, AdsStream wrDataStream)
   at Vortex.Adapters.Connector.Tc3.uqxsyhtfwetwacarbfio.sstcqmpglvpymedrdhkc(IEnumerable`1 c)
   at Vortex.Adapters.Connector.Tc3.uqxsyhtfwetwacarbfio.sstcqmpglvpymedrdhkl()
2022-Aug-18 13:27:32 [Error] Runtime Exception: ''
TwinCAT.Ads.AdsErrorException: Ads-Error 0x745 : Timeout has elapsed. (Ads-Error 0x745 : Timeout has elapsed.)
   at TwinCAT.Ads.Internal.AdsRawInterceptor.ThrowAdsException(AdsErrorCode adsErrorCode)
   at TwinCAT.Ads.Internal.AdsRawInterceptor.ReadWrite(UInt32 indexGroup, UInt32 indexOffset, Int32 rdOffset, Int32 rdLength, Byte[] rdData, Int32 wrOffset, Int32 wrLength, Byte[] wrData, Boolean throwAdsException, Int32& dataRead)
   at TwinCAT.Ads.TcAdsClient.ReadWrite(UInt32 indexGroup, UInt32 indexOffset, AdsStream rdDataStream, AdsStream wrDataStream)
   at Vortex.Adapters.Connector.Tc3.uqxsyhtfwetwacarbfio.sstcqmpglvpymedrdhkc(IEnumerable`1 c)
   at Vortex.Adapters.Connector.Tc3.uqxsyhtfwetwacarbfio.sstcqmpglvpymedrdhkl()
2022-Aug-18 13:27:32 [Error] Runtime Exception: ''
TwinCAT.Ads.AdsErrorException: Ads-Error 0x745 : Timeout has elapsed. (Ads-Error 0x745 : Timeout has elapsed.)
   at TwinCAT.Ads.Internal.AdsRawInterceptor.ThrowAdsException(AdsErrorCode adsErrorCode)
   at TwinCAT.Ads.Internal.AdsRawInterceptor.ReadWrite(UInt32 indexGroup, UInt32 indexOffset, Int32 rdOffset, Int32 rdLength, Byte[] rdData, Int32 wrOffset, Int32 wrLength, Byte[] wrData, Boolean throwAdsException, Int32& dataRead)
   at TwinCAT.Ads.TcAdsClient.ReadWrite(UInt32 indexGroup, UInt32 indexOffset, AdsStream rdDataStream, AdsStream wrDataStream)
   at Vortex.Adapters.Connector.Tc3.uqxsyhtfwetwacarbfio.sstcqmpglvpymedrdhkc(IEnumerable`1 c)
   at Vortex.Adapters.Connector.Tc3.uqxsyhtfwetwacarbfio.sstcqmpglvpymedrdhkl()
2022-Aug-18 13:27:32 [Error] Runtime Exception: ''
TwinCAT.Ads.AdsErrorException: Ads-Error 0x745 : Timeout has elapsed. (Ads-Error 0x745 : Timeout has elapsed.)
   at TwinCAT.Ads.Internal.AdsRawInterceptor.ThrowAdsException(AdsErrorCode adsErrorCode)
   at TwinCAT.Ads.Internal.AdsRawInterceptor.ReadWrite(UInt32 indexGroup, UInt32 indexOffset, Int32 rdOffset, Int32 rdLength, Byte[] rdData, Int32 wrOffset, Int32 wrLength, Byte[] wrData, Boolean throwAdsException, Int32& dataRead)
   at TwinCAT.Ads.TcAdsClient.ReadWrite(UInt32 indexGroup, UInt32 indexOffset, AdsStream rdDataStream, AdsStream wrDataStream)
   at Vortex.Adapters.Connector.Tc3.uqxsyhtfwetwacarbfio.sstcqmpglvpymedrdhkc(IEnumerable`1 c)
   at Vortex.Adapters.Connector.Tc3.uqxsyhtfwetwacarbfio.sstcqmpglvpymedrdhkl()
2022-Aug-18 13:27:32 [Error] Runtime Exception: ''
TwinCAT.Ads.AdsErrorException: Ads-Error 0x745 : Timeout has elapsed. (Ads-Error 0x745 : Timeout has elapsed.)
   at TwinCAT.Ads.Internal.AdsRawInterceptor.ThrowAdsException(AdsErrorCode adsErrorCode)
   at TwinCAT.Ads.Internal.AdsRawInterceptor.ReadWrite(UInt32 indexGroup, UInt32 indexOffset, Int32 rdOffset, Int32 rdLength, Byte[] rdData, Int32 wrOffset, Int32 wrLength, Byte[] wrData, Boolean throwAdsException, Int32& dataRead)
   at TwinCAT.Ads.TcAdsClient.ReadWrite(UInt32 indexGroup, UInt32 indexOffset, AdsStream rdDataStream, AdsStream wrDataStream)
   at Vortex.Adapters.Connector.Tc3.uqxsyhtfwetwacarbfio.sstcqmpglvpymedrdhkc(IEnumerable`1 c)
   at Vortex.Adapters.Connector.Tc3.uqxsyhtfwetwacarbfio.sstcqmpglvpymedrdhkl()
2022-Aug-18 13:27:32 [Error] Runtime Exception: ''
TwinCAT.Ads.AdsErrorException: Ads-Error 0x745 : Timeout has elapsed. (Ads-Error 0x745 : Timeout has elapsed.)
   at TwinCAT.Ads.Internal.AdsRawInterceptor.ThrowAdsException(AdsErrorCode adsErrorCode)
   at TwinCAT.Ads.Internal.AdsRawInterceptor.ReadWrite(UInt32 indexGroup, UInt32 indexOffset, Int32 rdOffset, Int32 rdLength, Byte[] rdData, Int32 wrOffset, Int32 wrLength, Byte[] wrData, Boolean throwAdsException, Int32& dataRead)
   at TwinCAT.Ads.TcAdsClient.ReadWrite(UInt32 indexGroup, UInt32 indexOffset, AdsStream rdDataStream, AdsStream wrDataStream)
   at Vortex.Adapters.Connector.Tc3.uqxsyhtfwetwacarbfio.sstcqmpglvpymedrdhkc(IEnumerable`1 c)
   at Vortex.Adapters.Connector.Tc3.uqxsyhtfwetwacarbfio.sstcqmpglvpymedrdhkl()
2022-Aug-18 13:27:32 [Error] Runtime Exception: ''
TwinCAT.Ads.AdsErrorException: Ads-Error 0x745 : Timeout has elapsed. (Ads-Error 0x745 : Timeout has elapsed.)
   at TwinCAT.Ads.Internal.AdsRawInterceptor.ThrowAdsException(AdsErrorCode adsErrorCode)
   at TwinCAT.Ads.Internal.AdsRawInterceptor.ReadWrite(UInt32 indexGroup, UInt32 indexOffset, Int32 rdOffset, Int32 rdLength, Byte[] rdData, Int32 wrOffset, Int32 wrLength, Byte[] wrData, Boolean throwAdsException, Int32& dataRead)
   at TwinCAT.Ads.TcAdsClient.ReadWrite(UInt32 indexGroup, UInt32 indexOffset, AdsStream rdDataStream, AdsStream wrDataStream)
   at Vortex.Adapters.Connector.Tc3.uqxsyhtfwetwacarbfio.sstcqmpglvpymedrdhkc(IEnumerable`1 c)
   at Vortex.Adapters.Connector.Tc3.uqxsyhtfwetwacarbfio.sstcqmpglvpymedrdhkl()
2022-Aug-18 13:27:32 [Error] Runtime Exception: ''
TwinCAT.Ads.AdsErrorException: Ads-Error 0x745 : Timeout has elapsed. (Ads-Error 0x745 : Timeout has elapsed.)
   at TwinCAT.Ads.Internal.AdsRawInterceptor.ThrowAdsException(AdsErrorCode adsErrorCode)
   at TwinCAT.Ads.Internal.AdsRawInterceptor.ReadWrite(UInt32 indexGroup, UInt32 indexOffset, Int32 rdOffset, Int32 rdLength, Byte[] rdData, Int32 wrOffset, Int32 wrLength, Byte[] wrData, Boolean throwAdsException, Int32& dataRead)
   at TwinCAT.Ads.TcAdsClient.ReadWrite(UInt32 indexGroup, UInt32 indexOffset, AdsStream rdDataStream, AdsStream wrDataStream)
   at Vortex.Adapters.Connector.Tc3.uqxsyhtfwetwacarbfio.sstcqmpglvpymedrdhkc(IEnumerable`1 c)
   at Vortex.Adapters.Connector.Tc3.uqxsyhtfwetwacarbfio.sstcqmpglvpymedrdhkl()
2022-Aug-18 13:27:32 [Error] Runtime Exception: ''
TwinCAT.Ads.AdsErrorException: Ads-Error 0x745 : Timeout has elapsed. (Ads-Error 0x745 : Timeout has elapsed.)
   at TwinCAT.Ads.Internal.AdsRawInterceptor.ThrowAdsException(AdsErrorCode adsErrorCode)
   at TwinCAT.Ads.Internal.AdsRawInterceptor.ReadWrite(UInt32 indexGroup, UInt32 indexOffset, Int32 rdOffset, Int32 rdLength, Byte[] rdData, Int32 wrOffset, Int32 wrLength, Byte[] wrData, Boolean throwAdsException, Int32& dataRead)
   at TwinCAT.Ads.TcAdsClient.ReadWrite(UInt32 indexGroup, UInt32 indexOffset, AdsStream rdDataStream, AdsStream wrDataStream)
   at Vortex.Adapters.Connector.Tc3.uqxsyhtfwetwacarbfio.sstcqmpglvpymedrdhkc(IEnumerable`1 c)
   at Vortex.Adapters.Connector.Tc3.uqxsyhtfwetwacarbfio.sstcqmpglvpymedrdhkl()
2022-Aug-18 13:27:32 [Error] Runtime Exception: ''
TwinCAT.Ads.AdsErrorException: Ads-Error 0x745 : Timeout has elapsed. (Ads-Error 0x745 : Timeout has elapsed.)
   at TwinCAT.Ads.Internal.AdsRawInterceptor.ThrowAdsException(AdsErrorCode adsErrorCode)
   at TwinCAT.Ads.Internal.AdsRawInterceptor.ReadWrite(UInt32 indexGroup, UInt32 indexOffset, Int32 rdOffset, Int32 rdLength, Byte[] rdData, Int32 wrOffset, Int32 wrLength, Byte[] wrData, Boolean throwAdsException, Int32& dataRead)
   at TwinCAT.Ads.TcAdsClient.ReadWrite(UInt32 indexGroup, UInt32 indexOffset, AdsStream rdDataStream, AdsStream wrDataStream)
   at Vortex.Adapters.Connector.Tc3.uqxsyhtfwetwacarbfio.sstcqmpglvpymedrdhkc(IEnumerable`1 c)
   at Vortex.Adapters.Connector.Tc3.uqxsyhtfwetwacarbfio.sstcqmpglvpymedrdhkl()
2022-Aug-18 13:27:32 [Error] Runtime Exception: ''
TwinCAT.Ads.AdsErrorException: Ads-Error 0x745 : Timeout has elapsed. (Ads-Error 0x745 : Timeout has elapsed.)
   at TwinCAT.Ads.Internal.AdsRawInterceptor.ThrowAdsException(AdsErrorCode adsErrorCode)
   at TwinCAT.Ads.Internal.AdsRawInterceptor.ReadWrite(UInt32 indexGroup, UInt32 indexOffset, Int32 rdOffset, Int32 rdLength, Byte[] rdData, Int32 wrOffset, Int32 wrLength, Byte[] wrData, Boolean throwAdsException, Int32& dataRead)
   at TwinCAT.Ads.TcAdsClient.ReadWrite(UInt32 indexGroup, UInt32 indexOffset, AdsStream rdDataStream, AdsStream wrDataStream)
   at Vortex.Adapters.Connector.Tc3.uqxsyhtfwetwacarbfio.sstcqmpglvpymedrdhkc(IEnumerable`1 c)
   at Vortex.Adapters.Connector.Tc3.uqxsyhtfwetwacarbfio.sstcqmpglvpymedrdhkl()
2022-Aug-18 13:27:32 [Error] Runtime Exception: ''
TwinCAT.Ads.AdsErrorException: Ads-Error 0x745 : Timeout has elapsed. (Ads-Error 0x745 : Timeout has elapsed.)
   at TwinCAT.Ads.Internal.AdsRawInterceptor.ThrowAdsException(AdsErrorCode adsErrorCode)
   at TwinCAT.Ads.Internal.AdsRawInterceptor.ReadWrite(UInt32 indexGroup, UInt32 indexOffset, Int32 rdOffset, Int32 rdLength, Byte[] rdData, Int32 wrOffset, Int32 wrLength, Byte[] wrData, Boolean throwAdsException, Int32& dataRead)
   at TwinCAT.Ads.TcAdsClient.ReadWrite(UInt32 indexGroup, UInt32 indexOffset, AdsStream rdDataStream, AdsStream wrDataStream)
   at Vortex.Adapters.Connector.Tc3.uqxsyhtfwetwacarbfio.sstcqmpglvpymedrdhkc(IEnumerable`1 c)
   at Vortex.Adapters.Connector.Tc3.uqxsyhtfwetwacarbfio.sstcqmpglvpymedrdhkl()
2022-Aug-18 13:27:32 [Error] Runtime Exception: ''
TwinCAT.Ads.AdsErrorException: Ads-Error 0x745 : Timeout has elapsed. (Ads-Error 0x745 : Timeout has elapsed.)
   at TwinCAT.Ads.Internal.AdsRawInterceptor.ThrowAdsException(AdsErrorCode adsErrorCode)
   at TwinCAT.Ads.Internal.AdsRawInterceptor.ReadWrite(UInt32 indexGroup, UInt32 indexOffset, Int32 rdOffset, Int32 rdLength, Byte[] rdData, Int32 wrOffset, Int32 wrLength, Byte[] wrData, Boolean throwAdsException, Int32& dataRead)
   at TwinCAT.Ads.TcAdsClient.ReadWrite(UInt32 indexGroup, UInt32 indexOffset, AdsStream rdDataStream, AdsStream wrDataStream)
   at Vortex.Adapters.Connector.Tc3.uqxsyhtfwetwacarbfio.sstcqmpglvpymedrdhkc(IEnumerable`1 c)
   at Vortex.Adapters.Connector.Tc3.uqxsyhtfwetwacarbfio.sstcqmpglvpymedrdhkl()
2022-Aug-18 13:27:32 [Error] Runtime Exception: ''
TwinCAT.Ads.AdsErrorException: Ads-Error 0x745 : Timeout has elapsed. (Ads-Error 0x745 : Timeout has elapsed.)
   at TwinCAT.Ads.Internal.AdsRawInterceptor.ThrowAdsException(AdsErrorCode adsErrorCode)
   at TwinCAT.Ads.Internal.AdsRawInterceptor.ReadWrite(UInt32 indexGroup, UInt32 indexOffset, Int32 rdOffset, Int32 rdLength, Byte[] rdData, Int32 wrOffset, Int32 wrLength, Byte[] wrData, Boolean throwAdsException, Int32& dataRead)
   at TwinCAT.Ads.TcAdsClient.ReadWrite(UInt32 indexGroup, UInt32 indexOffset, AdsStream rdDataStream, AdsStream wrDataStream)
   at Vortex.Adapters.Connector.Tc3.uqxsyhtfwetwacarbfio.sstcqmpglvpymedrdhkc(IEnumerable`1 c)
   at Vortex.Adapters.Connector.Tc3.uqxsyhtfwetwacarbfio.sstcqmpglvpymedrdhkl()
2022-Aug-18 13:27:32 [Error] Runtime Exception: ''
TwinCAT.Ads.AdsErrorException: Ads-Error 0x745 : Timeout has elapsed. (Ads-Error 0x745 : Timeout has elapsed.)
   at TwinCAT.Ads.Internal.AdsRawInterceptor.ThrowAdsException(AdsErrorCode adsErrorCode)
   at TwinCAT.Ads.Internal.AdsRawInterceptor.ReadWrite(UInt32 indexGroup, UInt32 indexOffset, Int32 rdOffset, Int32 rdLength, Byte[] rdData, Int32 wrOffset, Int32 wrLength, Byte[] wrData, Boolean throwAdsException, Int32& dataRead)
   at TwinCAT.Ads.TcAdsClient.ReadWrite(UInt32 indexGroup, UInt32 indexOffset, AdsStream rdDataStream, AdsStream wrDataStream)
   at Vortex.Adapters.Connector.Tc3.uqxsyhtfwetwacarbfio.sstcqmpglvpymedrdhkc(IEnumerable`1 c)
   at Vortex.Adapters.Connector.Tc3.uqxsyhtfwetwacarbfio.sstcqmpglvpymedrdhkl()
2022-Aug-18 13:27:32 [Error] Runtime Exception: ''
TwinCAT.Ads.AdsErrorException: Ads-Error 0x745 : Timeout has elapsed. (Ads-Error 0x745 : Timeout has elapsed.)
   at TwinCAT.Ads.Internal.AdsRawInterceptor.ThrowAdsException(AdsErrorCode adsErrorCode)
   at TwinCAT.Ads.Internal.AdsRawInterceptor.ReadWrite(UInt32 indexGroup, UInt32 indexOffset, Int32 rdOffset, Int32 rdLength, Byte[] rdData, Int32 wrOffset, Int32 wrLength, Byte[] wrData, Boolean throwAdsException, Int32& dataRead)
   at TwinCAT.Ads.TcAdsClient.ReadWrite(UInt32 indexGroup, UInt32 indexOffset, AdsStream rdDataStream, AdsStream wrDataStream)
   at Vortex.Adapters.Connector.Tc3.uqxsyhtfwetwacarbfio.sstcqmpglvpymedrdhkc(IEnumerable`1 c)
   at Vortex.Adapters.Connector.Tc3.uqxsyhtfwetwacarbfio.sstcqmpglvpymedrdhkl()
2022-Aug-18 13:27:33 [Error] Runtime Exception: ''
TwinCAT.Ads.AdsErrorException: Ads-Error 0x745 : Timeout has elapsed. (Ads-Error 0x745 : Timeout has elapsed.)
   at TwinCAT.Ads.Internal.AdsRawInterceptor.ThrowAdsException(AdsErrorCode adsErrorCode)
   at TwinCAT.Ads.Internal.AdsRawInterceptor.ReadWrite(UInt32 indexGroup, UInt32 indexOffset, Int32 rdOffset, Int32 rdLength, Byte[] rdData, Int32 wrOffset, Int32 wrLength, Byte[] wrData, Boolean throwAdsException, Int32& dataRead)
   at TwinCAT.Ads.TcAdsClient.ReadWrite(UInt32 indexGroup, UInt32 indexOffset, AdsStream rdDataStream, AdsStream wrDataStream)
   at Vortex.Adapters.Connector.Tc3.uqxsyhtfwetwacarbfio.sstcqmpglvpymedrdhkc(IEnumerable`1 c)
   at Vortex.Adapters.Connector.Tc3.uqxsyhtfwetwacarbfio.sstcqmpglvpymedrdhkl()
2022-Aug-18 13:27:33 [Error] Runtime Exception: ''
TwinCAT.Ads.AdsErrorException: Ads-Error 0x745 : Timeout has elapsed. (Ads-Error 0x745 : Timeout has elapsed.)
   at TwinCAT.Ads.Internal.AdsRawInterceptor.ThrowAdsException(AdsErrorCode adsErrorCode)
   at TwinCAT.Ads.Internal.AdsRawInterceptor.ReadWrite(UInt32 indexGroup, UInt32 indexOffset, Int32 rdOffset, Int32 rdLength, Byte[] rdData, Int32 wrOffset, Int32 wrLength, Byte[] wrData, Boolean throwAdsException, Int32& dataRead)
   at TwinCAT.Ads.TcAdsClient.ReadWrite(UInt32 indexGroup, UInt32 indexOffset, AdsStream rdDataStream, AdsStream wrDataStream)
   at Vortex.Adapters.Connector.Tc3.uqxsyhtfwetwacarbfio.sstcqmpglvpymedrdhkc(IEnumerable`1 c)
   at Vortex.Adapters.Connector.Tc3.uqxsyhtfwetwacarbfio.sstcqmpglvpymedrdhkl()
2022-Aug-18 13:27:33 [Error] Runtime Exception: ''
TwinCAT.Ads.AdsErrorException: Ads-Error 0x745 : Timeout has elapsed. (Ads-Error 0x745 : Timeout has elapsed.)
   at TwinCAT.Ads.Internal.AdsRawInterceptor.ThrowAdsException(AdsErrorCode adsErrorCode)
   at TwinCAT.Ads.Internal.AdsRawInterceptor.ReadWrite(UInt32 indexGroup, UInt32 indexOffset, Int32 rdOffset, Int32 rdLength, Byte[] rdData, Int32 wrOffset, Int32 wrLength, Byte[] wrData, Boolean throwAdsException, Int32& dataRead)
   at TwinCAT.Ads.TcAdsClient.ReadWrite(UInt32 indexGroup, UInt32 indexOffset, AdsStream rdDataStream, AdsStream wrDataStream)
   at Vortex.Adapters.Connector.Tc3.uqxsyhtfwetwacarbfio.sstcqmpglvpymedrdhkc(IEnumerable`1 c)
   at Vortex.Adapters.Connector.Tc3.uqxsyhtfwetwacarbfio.sstcqmpglvpymedrdhkl()
2022-Aug-18 13:27:33 [Error] Runtime Exception: ''
TwinCAT.Ads.AdsErrorException: Ads-Error 0x745 : Timeout has elapsed. (Ads-Error 0x745 : Timeout has elapsed.)
   at TwinCAT.Ads.Internal.AdsRawInterceptor.ThrowAdsException(AdsErrorCode adsErrorCode)
   at TwinCAT.Ads.Internal.AdsRawInterceptor.ReadWrite(UInt32 indexGroup, UInt32 indexOffset, Int32 rdOffset, Int32 rdLength, Byte[] rdData, Int32 wrOffset, Int32 wrLength, Byte[] wrData, Boolean throwAdsException, Int32& dataRead)
   at TwinCAT.Ads.TcAdsClient.ReadWrite(UInt32 indexGroup, UInt32 indexOffset, AdsStream rdDataStream, AdsStream wrDataStream)
   at Vortex.Adapters.Connector.Tc3.uqxsyhtfwetwacarbfio.sstcqmpglvpymedrdhkc(IEnumerable`1 c)
   at Vortex.Adapters.Connector.Tc3.uqxsyhtfwetwacarbfio.sstcqmpglvpymedrdhkl()
2022-Aug-18 13:27:33 [Error] Runtime Exception: ''
TwinCAT.Ads.AdsErrorException: Ads-Error 0x745 : Timeout has elapsed. (Ads-Error 0x745 : Timeout has elapsed.)
   at TwinCAT.Ads.Internal.AdsRawInterceptor.ThrowAdsException(AdsErrorCode adsErrorCode)
   at TwinCAT.Ads.Internal.AdsRawInterceptor.ReadWrite(UInt32 indexGroup, UInt32 indexOffset, Int32 rdOffset, Int32 rdLength, Byte[] rdData, Int32 wrOffset, Int32 wrLength, Byte[] wrData, Boolean throwAdsException, Int32& dataRead)
   at TwinCAT.Ads.TcAdsClient.ReadWrite(UInt32 indexGroup, UInt32 indexOffset, AdsStream rdDataStream, AdsStream wrDataStream)
   at Vortex.Adapters.Connector.Tc3.uqxsyhtfwetwacarbfio.sstcqmpglvpymedrdhkc(IEnumerable`1 c)
   at Vortex.Adapters.Connector.Tc3.uqxsyhtfwetwacarbfio.sstcqmpglvpymedrdhkl()
2022-Aug-18 13:27:33 [Error] Runtime Exception: ''
TwinCAT.Ads.AdsErrorException: Ads-Error 0x745 : Timeout has elapsed. (Ads-Error 0x745 : Timeout has elapsed.)
   at TwinCAT.Ads.Internal.AdsRawInterceptor.ThrowAdsException(AdsErrorCode adsErrorCode)
   at TwinCAT.Ads.Internal.AdsRawInterceptor.ReadWrite(UInt32 indexGroup, UInt32 indexOffset, Int32 rdOffset, Int32 rdLength, Byte[] rdData, Int32 wrOffset, Int32 wrLength, Byte[] wrData, Boolean throwAdsException, Int32& dataRead)
   at TwinCAT.Ads.TcAdsClient.ReadWrite(UInt32 indexGroup, UInt32 indexOffset, AdsStream rdDataStream, AdsStream wrDataStream)
   at Vortex.Adapters.Connector.Tc3.uqxsyhtfwetwacarbfio.sstcqmpglvpymedrdhkc(IEnumerable`1 c)
   at Vortex.Adapters.Connector.Tc3.uqxsyhtfwetwacarbfio.sstcqmpglvpymedrdhkl()
2022-Aug-18 13:27:33 [Error] Runtime Exception: ''
TwinCAT.Ads.AdsErrorException: Ads-Error 0x745 : Timeout has elapsed. (Ads-Error 0x745 : Timeout has elapsed.)
   at TwinCAT.Ads.Internal.AdsRawInterceptor.ThrowAdsException(AdsErrorCode adsErrorCode)
   at TwinCAT.Ads.Internal.AdsRawInterceptor.ReadWrite(UInt32 indexGroup, UInt32 indexOffset, Int32 rdOffset, Int32 rdLength, Byte[] rdData, Int32 wrOffset, Int32 wrLength, Byte[] wrData, Boolean throwAdsException, Int32& dataRead)
   at TwinCAT.Ads.TcAdsClient.ReadWrite(UInt32 indexGroup, UInt32 indexOffset, AdsStream rdDataStream, AdsStream wrDataStream)
   at Vortex.Adapters.Connector.Tc3.uqxsyhtfwetwacarbfio.sstcqmpglvpymedrdhkc(IEnumerable`1 c)
   at Vortex.Adapters.Connector.Tc3.uqxsyhtfwetwacarbfio.sstcqmpglvpymedrdhkl()
2022-Aug-18 13:27:33 [Error] Runtime Exception: ''
TwinCAT.Ads.AdsErrorException: Ads-Error 0x745 : Timeout has elapsed. (Ads-Error 0x745 : Timeout has elapsed.)
   at TwinCAT.Ads.Internal.AdsRawInterceptor.ThrowAdsException(AdsErrorCode adsErrorCode)
   at TwinCAT.Ads.Internal.AdsRawInterceptor.ReadWrite(UInt32 indexGroup, UInt32 indexOffset, Int32 rdOffset, Int32 rdLength, Byte[] rdData, Int32 wrOffset, Int32 wrLength, Byte[] wrData, Boolean throwAdsException, Int32& dataRead)
   at TwinCAT.Ads.TcAdsClient.ReadWrite(UInt32 indexGroup, UInt32 indexOffset, AdsStream rdDataStream, AdsStream wrDataStream)
   at Vortex.Adapters.Connector.Tc3.uqxsyhtfwetwacarbfio.sstcqmpglvpymedrdhkc(IEnumerable`1 c)
   at Vortex.Adapters.Connector.Tc3.uqxsyhtfwetwacarbfio.sstcqmpglvpymedrdhkl()
2022-Aug-18 13:27:33 [Error] Runtime Exception: ''
TwinCAT.Ads.AdsErrorException: Ads-Error 0x745 : Timeout has elapsed. (Ads-Error 0x745 : Timeout has elapsed.)
   at TwinCAT.Ads.Internal.AdsRawInterceptor.ThrowAdsException(AdsErrorCode adsErrorCode)
   at TwinCAT.Ads.Internal.AdsRawInterceptor.ReadWrite(UInt32 indexGroup, UInt32 indexOffset, Int32 rdOffset, Int32 rdLength, Byte[] rdData, Int32 wrOffset, Int32 wrLength, Byte[] wrData, Boolean throwAdsException, Int32& dataRead)
   at TwinCAT.Ads.TcAdsClient.ReadWrite(UInt32 indexGroup, UInt32 indexOffset, AdsStream rdDataStream, AdsStream wrDataStream)
   at Vortex.Adapters.Connector.Tc3.uqxsyhtfwetwacarbfio.sstcqmpglvpymedrdhkc(IEnumerable`1 c)
   at Vortex.Adapters.Connector.Tc3.uqxsyhtfwetwacarbfio.sstcqmpglvpymedrdhkl()
2022-Aug-18 13:27:33 [Error] Runtime Exception: ''
TwinCAT.Ads.AdsErrorException: Ads-Error 0x745 : Timeout has elapsed. (Ads-Error 0x745 : Timeout has elapsed.)
   at TwinCAT.Ads.Internal.AdsRawInterceptor.ThrowAdsException(AdsErrorCode adsErrorCode)
   at TwinCAT.Ads.Internal.AdsRawInterceptor.ReadWrite(UInt32 indexGroup, UInt32 indexOffset, Int32 rdOffset, Int32 rdLength, Byte[] rdData, Int32 wrOffset, Int32 wrLength, Byte[] wrData, Boolean throwAdsException, Int32& dataRead)
   at TwinCAT.Ads.TcAdsClient.ReadWrite(UInt32 indexGroup, UInt32 indexOffset, AdsStream rdDataStream, AdsStream wrDataStream)
   at Vortex.Adapters.Connector.Tc3.uqxsyhtfwetwacarbfio.sstcqmpglvpymedrdhkc(IEnumerable`1 c)
   at Vortex.Adapters.Connector.Tc3.uqxsyhtfwetwacarbfio.sstcqmpglvpymedrdhkl()
2022-Aug-18 13:27:33 [Error] Runtime Exception: ''
TwinCAT.Ads.AdsErrorException: Ads-Error 0x745 : Timeout has elapsed. (Ads-Error 0x745 : Timeout has elapsed.)
   at TwinCAT.Ads.Internal.AdsRawInterceptor.ThrowAdsException(AdsErrorCode adsErrorCode)
   at TwinCAT.Ads.Internal.AdsRawInterceptor.ReadWrite(UInt32 indexGroup, UInt32 indexOffset, Int32 rdOffset, Int32 rdLength, Byte[] rdData, Int32 wrOffset, Int32 wrLength, Byte[] wrData, Boolean throwAdsException, Int32& dataRead)
   at TwinCAT.Ads.TcAdsClient.ReadWrite(UInt32 indexGroup, UInt32 indexOffset, AdsStream rdDataStream, AdsStream wrDataStream)
   at Vortex.Adapters.Connector.Tc3.uqxsyhtfwetwacarbfio.sstcqmpglvpymedrdhkc(IEnumerable`1 c)
   at Vortex.Adapters.Connector.Tc3.uqxsyhtfwetwacarbfio.sstcqmpglvpymedrdhkl()
2022-Aug-18 13:27:33 [Error] Runtime Exception: ''
TwinCAT.Ads.AdsErrorException: Ads-Error 0x745 : Timeout has elapsed. (Ads-Error 0x745 : Timeout has elapsed.)
   at TwinCAT.Ads.Internal.AdsRawInterceptor.ThrowAdsException(AdsErrorCode adsErrorCode)
   at TwinCAT.Ads.Internal.AdsRawInterceptor.ReadWrite(UInt32 indexGroup, UInt32 indexOffset, Int32 rdOffset, Int32 rdLength, Byte[] rdData, Int32 wrOffset, Int32 wrLength, Byte[] wrData, Boolean throwAdsException, Int32& dataRead)
   at TwinCAT.Ads.TcAdsClient.ReadWrite(UInt32 indexGroup, UInt32 indexOffset, AdsStream rdDataStream, AdsStream wrDataStream)
   at Vortex.Adapters.Connector.Tc3.uqxsyhtfwetwacarbfio.sstcqmpglvpymedrdhkc(IEnumerable`1 c)
   at Vortex.Adapters.Connector.Tc3.uqxsyhtfwetwacarbfio.sstcqmpglvpymedrdhkl()
2022-Aug-18 13:27:33 [Error] Runtime Exception: ''
TwinCAT.Ads.AdsErrorException: Ads-Error 0x745 : Timeout has elapsed. (Ads-Error 0x745 : Timeout has elapsed.)
   at TwinCAT.Ads.Internal.AdsRawInterceptor.ThrowAdsException(AdsErrorCode adsErrorCode)
   at TwinCAT.Ads.Internal.AdsRawInterceptor.ReadWrite(UInt32 indexGroup, UInt32 indexOffset, Int32 rdOffset, Int32 rdLength, Byte[] rdData, Int32 wrOffset, Int32 wrLength, Byte[] wrData, Boolean throwAdsException, Int32& dataRead)
   at TwinCAT.Ads.TcAdsClient.ReadWrite(UInt32 indexGroup, UInt32 indexOffset, AdsStream rdDataStream, AdsStream wrDataStream)
   at Vortex.Adapters.Connector.Tc3.uqxsyhtfwetwacarbfio.sstcqmpglvpymedrdhkc(IEnumerable`1 c)
   at Vortex.Adapters.Connector.Tc3.uqxsyhtfwetwacarbfio.sstcqmpglvpymedrdhkl()
2022-Aug-18 13:27:33 [Error] Runtime Exception: ''
TwinCAT.Ads.AdsErrorException: Ads-Error 0x745 : Timeout has elapsed. (Ads-Error 0x745 : Timeout has elapsed.)
   at TwinCAT.Ads.Internal.AdsRawInterceptor.ThrowAdsException(AdsErrorCode adsErrorCode)
   at TwinCAT.Ads.Internal.AdsRawInterceptor.ReadWrite(UInt32 indexGroup, UInt32 indexOffset, Int32 rdOffset, Int32 rdLength, Byte[] rdData, Int32 wrOffset, Int32 wrLength, Byte[] wrData, Boolean throwAdsException, Int32& dataRead)
   at TwinCAT.Ads.TcAdsClient.ReadWrite(UInt32 indexGroup, UInt32 indexOffset, AdsStream rdDataStream, AdsStream wrDataStream)
   at Vortex.Adapters.Connector.Tc3.uqxsyhtfwetwacarbfio.sstcqmpglvpymedrdhkc(IEnumerable`1 c)
   at Vortex.Adapters.Connector.Tc3.uqxsyhtfwetwacarbfio.sstcqmpglvpymedrdhkl()
2022-Aug-18 13:27:33 [Error] Runtime Exception: ''
TwinCAT.Ads.AdsErrorException: Ads-Error 0x745 : Timeout has elapsed. (Ads-Error 0x745 : Timeout has elapsed.)
   at TwinCAT.Ads.Internal.AdsRawInterceptor.ThrowAdsException(AdsErrorCode adsErrorCode)
   at TwinCAT.Ads.Internal.AdsRawInterceptor.ReadWrite(UInt32 indexGroup, UInt32 indexOffset, Int32 rdOffset, Int32 rdLength, Byte[] rdData, Int32 wrOffset, Int32 wrLength, Byte[] wrData, Boolean throwAdsException, Int32& dataRead)
   at TwinCAT.Ads.TcAdsClient.ReadWrite(UInt32 indexGroup, UInt32 indexOffset, AdsStream rdDataStream, AdsStream wrDataStream)
   at Vortex.Adapters.Connector.Tc3.uqxsyhtfwetwacarbfio.sstcqmpglvpymedrdhkc(IEnumerable`1 c)
   at Vortex.Adapters.Connector.Tc3.uqxsyhtfwetwacarbfio.sstcqmpglvpymedrdhkl()
2022-Aug-18 13:27:33 [Error] Runtime Exception: ''
TwinCAT.Ads.AdsErrorException: Ads-Error 0x745 : Timeout has elapsed. (Ads-Error 0x745 : Timeout has elapsed.)
   at TwinCAT.Ads.Internal.AdsRawInterceptor.ThrowAdsException(AdsErrorCode adsErrorCode)
   at TwinCAT.Ads.Internal.AdsRawInterceptor.ReadWrite(UInt32 indexGroup, UInt32 indexOffset, Int32 rdOffset, Int32 rdLength, Byte[] rdData, Int32 wrOffset, Int32 wrLength, Byte[] wrData, Boolean throwAdsException, Int32& dataRead)
   at TwinCAT.Ads.TcAdsClient.ReadWrite(UInt32 indexGroup, UInt32 indexOffset, AdsStream rdDataStream, AdsStream wrDataStream)
   at Vortex.Adapters.Connector.Tc3.uqxsyhtfwetwacarbfio.sstcqmpglvpymedrdhkc(IEnumerable`1 c)
   at Vortex.Adapters.Connector.Tc3.uqxsyhtfwetwacarbfio.sstcqmpglvpymedrdhkl()
2022-Aug-18 13:27:33 [Error] Runtime Exception: ''
TwinCAT.Ads.AdsErrorException: Ads-Error 0x745 : Timeout has elapsed. (Ads-Error 0x745 : Timeout has elapsed.)
   at TwinCAT.Ads.Internal.AdsRawInterceptor.ThrowAdsException(AdsErrorCode adsErrorCode)
   at TwinCAT.Ads.Internal.AdsRawInterceptor.ReadWrite(UInt32 indexGroup, UInt32 indexOffset, Int32 rdOffset, Int32 rdLength, Byte[] rdData, Int32 wrOffset, Int32 wrLength, Byte[] wrData, Boolean throwAdsException, Int32& dataRead)
   at TwinCAT.Ads.TcAdsClient.ReadWrite(UInt32 indexGroup, UInt32 indexOffset, AdsStream rdDataStream, AdsStream wrDataStream)
   at Vortex.Adapters.Connector.Tc3.uqxsyhtfwetwacarbfio.sstcqmpglvpymedrdhkc(IEnumerable`1 c)
   at Vortex.Adapters.Connector.Tc3.uqxsyhtfwetwacarbfio.sstcqmpglvpymedrdhkl()
2022-Aug-18 13:27:33 [Error] Runtime Exception: ''
TwinCAT.Ads.AdsErrorException: Ads-Error 0x745 : Timeout has elapsed. (Ads-Error 0x745 : Timeout has elapsed.)
   at TwinCAT.Ads.Internal.AdsRawInterceptor.ThrowAdsException(AdsErrorCode adsErrorCode)
   at TwinCAT.Ads.Internal.AdsRawInterceptor.ReadWrite(UInt32 indexGroup, UInt32 indexOffset, Int32 rdOffset, Int32 rdLength, Byte[] rdData, Int32 wrOffset, Int32 wrLength, Byte[] wrData, Boolean throwAdsException, Int32& dataRead)
   at TwinCAT.Ads.TcAdsClient.ReadWrite(UInt32 indexGroup, UInt32 indexOffset, AdsStream rdDataStream, AdsStream wrDataStream)
   at Vortex.Adapters.Connector.Tc3.uqxsyhtfwetwacarbfio.sstcqmpglvpymedrdhkc(IEnumerable`1 c)
   at Vortex.Adapters.Connector.Tc3.uqxsyhtfwetwacarbfio.sstcqmpglvpymedrdhkl()
2022-Aug-18 13:27:33 [Error] Runtime Exception: ''
TwinCAT.Ads.AdsErrorException: Ads-Error 0x745 : Timeout has elapsed. (Ads-Error 0x745 : Timeout has elapsed.)
   at TwinCAT.Ads.Internal.AdsRawInterceptor.ThrowAdsException(AdsErrorCode adsErrorCode)
   at TwinCAT.Ads.Internal.AdsRawInterceptor.ReadWrite(UInt32 indexGroup, UInt32 indexOffset, Int32 rdOffset, Int32 rdLength, Byte[] rdData, Int32 wrOffset, Int32 wrLength, Byte[] wrData, Boolean throwAdsException, Int32& dataRead)
   at TwinCAT.Ads.TcAdsClient.ReadWrite(UInt32 indexGroup, UInt32 indexOffset, AdsStream rdDataStream, AdsStream wrDataStream)
   at Vortex.Adapters.Connector.Tc3.uqxsyhtfwetwacarbfio.sstcqmpglvpymedrdhkc(IEnumerable`1 c)
   at Vortex.Adapters.Connector.Tc3.uqxsyhtfwetwacarbfio.sstcqmpglvpymedrdhkl()
2022-Aug-18 13:27:33 [Error] Runtime Exception: ''
TwinCAT.Ads.AdsErrorException: Ads-Error 0x745 : Timeout has elapsed. (Ads-Error 0x745 : Timeout has elapsed.)
   at TwinCAT.Ads.Internal.AdsRawInterceptor.ThrowAdsException(AdsErrorCode adsErrorCode)
   at TwinCAT.Ads.Internal.AdsRawInterceptor.ReadWrite(UInt32 indexGroup, UInt32 indexOffset, Int32 rdOffset, Int32 rdLength, Byte[] rdData, Int32 wrOffset, Int32 wrLength, Byte[] wrData, Boolean throwAdsException, Int32& dataRead)
   at TwinCAT.Ads.TcAdsClient.ReadWrite(UInt32 indexGroup, UInt32 indexOffset, AdsStream rdDataStream, AdsStream wrDataStream)
   at Vortex.Adapters.Connector.Tc3.uqxsyhtfwetwacarbfio.sstcqmpglvpymedrdhkc(IEnumerable`1 c)
   at Vortex.Adapters.Connector.Tc3.uqxsyhtfwetwacarbfio.sstcqmpglvpymedrdhkl()
2022-Aug-18 13:27:33 [Error] Runtime Exception: ''
TwinCAT.Ads.AdsErrorException: Ads-Error 0x745 : Timeout has elapsed. (Ads-Error 0x745 : Timeout has elapsed.)
   at TwinCAT.Ads.Internal.AdsRawInterceptor.ThrowAdsException(AdsErrorCode adsErrorCode)
   at TwinCAT.Ads.Internal.AdsRawInterceptor.ReadWrite(UInt32 indexGroup, UInt32 indexOffset, Int32 rdOffset, Int32 rdLength, Byte[] rdData, Int32 wrOffset, Int32 wrLength, Byte[] wrData, Boolean throwAdsException, Int32& dataRead)
   at TwinCAT.Ads.TcAdsClient.ReadWrite(UInt32 indexGroup, UInt32 indexOffset, AdsStream rdDataStream, AdsStream wrDataStream)
   at Vortex.Adapters.Connector.Tc3.uqxsyhtfwetwacarbfio.sstcqmpglvpymedrdhkc(IEnumerable`1 c)
   at Vortex.Adapters.Connector.Tc3.uqxsyhtfwetwacarbfio.sstcqmpglvpymedrdhkl()
2022-Aug-18 13:27:33 [Error] Runtime Exception: ''
TwinCAT.Ads.AdsErrorException: Ads-Error 0x745 : Timeout has elapsed. (Ads-Error 0x745 : Timeout has elapsed.)
   at TwinCAT.Ads.Internal.AdsRawInterceptor.ThrowAdsException(AdsErrorCode adsErrorCode)
   at TwinCAT.Ads.Internal.AdsRawInterceptor.ReadWrite(UInt32 indexGroup, UInt32 indexOffset, Int32 rdOffset, Int32 rdLength, Byte[] rdData, Int32 wrOffset, Int32 wrLength, Byte[] wrData, Boolean throwAdsException, Int32& dataRead)
   at TwinCAT.Ads.TcAdsClient.ReadWrite(UInt32 indexGroup, UInt32 indexOffset, AdsStream rdDataStream, AdsStream wrDataStream)
   at Vortex.Adapters.Connector.Tc3.uqxsyhtfwetwacarbfio.sstcqmpglvpymedrdhkc(IEnumerable`1 c)
   at Vortex.Adapters.Connector.Tc3.uqxsyhtfwetwacarbfio.sstcqmpglvpymedrdhkl()
2022-Aug-18 13:27:33 [Error] Runtime Exception: ''
TwinCAT.Ads.AdsErrorException: Ads-Error 0x745 : Timeout has elapsed. (Ads-Error 0x745 : Timeout has elapsed.)
   at TwinCAT.Ads.Internal.AdsRawInterceptor.ThrowAdsException(AdsErrorCode adsErrorCode)
   at TwinCAT.Ads.Internal.AdsRawInterceptor.ReadWrite(UInt32 indexGroup, UInt32 indexOffset, Int32 rdOffset, Int32 rdLength, Byte[] rdData, Int32 wrOffset, Int32 wrLength, Byte[] wrData, Boolean throwAdsException, Int32& dataRead)
   at TwinCAT.Ads.TcAdsClient.ReadWrite(UInt32 indexGroup, UInt32 indexOffset, AdsStream rdDataStream, AdsStream wrDataStream)
   at Vortex.Adapters.Connector.Tc3.uqxsyhtfwetwacarbfio.sstcqmpglvpymedrdhkc(IEnumerable`1 c)
   at Vortex.Adapters.Connector.Tc3.uqxsyhtfwetwacarbfio.sstcqmpglvpymedrdhkl()
2022-Aug-18 13:27:33 [Error] Runtime Exception: ''
TwinCAT.Ads.AdsErrorException: Ads-Error 0x745 : Timeout has elapsed. (Ads-Error 0x745 : Timeout has elapsed.)
   at TwinCAT.Ads.Internal.AdsRawInterceptor.ThrowAdsException(AdsErrorCode adsErrorCode)
   at TwinCAT.Ads.Internal.AdsRawInterceptor.ReadWrite(UInt32 indexGroup, UInt32 indexOffset, Int32 rdOffset, Int32 rdLength, Byte[] rdData, Int32 wrOffset, Int32 wrLength, Byte[] wrData, Boolean throwAdsException, Int32& dataRead)
   at TwinCAT.Ads.TcAdsClient.ReadWrite(UInt32 indexGroup, UInt32 indexOffset, AdsStream rdDataStream, AdsStream wrDataStream)
   at Vortex.Adapters.Connector.Tc3.uqxsyhtfwetwacarbfio.sstcqmpglvpymedrdhkc(IEnumerable`1 c)
   at Vortex.Adapters.Connector.Tc3.uqxsyhtfwetwacarbfio.sstcqmpglvpymedrdhkl()
2022-Aug-18 13:27:33 [Error] Runtime Exception: ''
TwinCAT.Ads.AdsErrorException: Ads-Error 0x745 : Timeout has elapsed. (Ads-Error 0x745 : Timeout has elapsed.)
   at TwinCAT.Ads.Internal.AdsRawInterceptor.ThrowAdsException(AdsErrorCode adsErrorCode)
   at TwinCAT.Ads.Internal.AdsRawInterceptor.ReadWrite(UInt32 indexGroup, UInt32 indexOffset, Int32 rdOffset, Int32 rdLength, Byte[] rdData, Int32 wrOffset, Int32 wrLength, Byte[] wrData, Boolean throwAdsException, Int32& dataRead)
   at TwinCAT.Ads.TcAdsClient.ReadWrite(UInt32 indexGroup, UInt32 indexOffset, AdsStream rdDataStream, AdsStream wrDataStream)
   at Vortex.Adapters.Connector.Tc3.uqxsyhtfwetwacarbfio.sstcqmpglvpymedrdhkc(IEnumerable`1 c)
   at Vortex.Adapters.Connector.Tc3.uqxsyhtfwetwacarbfio.sstcqmpglvpymedrdhkl()
2022-Aug-18 13:27:33 [Error] Runtime Exception: ''
TwinCAT.Ads.AdsErrorException: Ads-Error 0x745 : Timeout has elapsed. (Ads-Error 0x745 : Timeout has elapsed.)
   at TwinCAT.Ads.Internal.AdsRawInterceptor.ThrowAdsException(AdsErrorCode adsErrorCode)
   at TwinCAT.Ads.Internal.AdsRawInterceptor.ReadWrite(UInt32 indexGroup, UInt32 indexOffset, Int32 rdOffset, Int32 rdLength, Byte[] rdData, Int32 wrOffset, Int32 wrLength, Byte[] wrData, Boolean throwAdsException, Int32& dataRead)
   at TwinCAT.Ads.TcAdsClient.ReadWrite(UInt32 indexGroup, UInt32 indexOffset, AdsStream rdDataStream, AdsStream wrDataStream)
   at Vortex.Adapters.Connector.Tc3.uqxsyhtfwetwacarbfio.sstcqmpglvpymedrdhkc(IEnumerable`1 c)
   at Vortex.Adapters.Connector.Tc3.uqxsyhtfwetwacarbfio.sstcqmpglvpymedrdhkl()
2022-Aug-18 13:27:33 [Error] Runtime Exception: ''
TwinCAT.Ads.AdsErrorException: Ads-Error 0x745 : Timeout has elapsed. (Ads-Error 0x745 : Timeout has elapsed.)
   at TwinCAT.Ads.Internal.AdsRawInterceptor.ThrowAdsException(AdsErrorCode adsErrorCode)
   at TwinCAT.Ads.Internal.AdsRawInterceptor.ReadWrite(UInt32 indexGroup, UInt32 indexOffset, Int32 rdOffset, Int32 rdLength, Byte[] rdData, Int32 wrOffset, Int32 wrLength, Byte[] wrData, Boolean throwAdsException, Int32& dataRead)
   at TwinCAT.Ads.TcAdsClient.ReadWrite(UInt32 indexGroup, UInt32 indexOffset, AdsStream rdDataStream, AdsStream wrDataStream)
   at Vortex.Adapters.Connector.Tc3.uqxsyhtfwetwacarbfio.sstcqmpglvpymedrdhkc(IEnumerable`1 c)
   at Vortex.Adapters.Connector.Tc3.uqxsyhtfwetwacarbfio.sstcqmpglvpymedrdhkl()
2022-Aug-18 13:27:33 [Error] Runtime Exception: ''
TwinCAT.Ads.AdsErrorException: Ads-Error 0x745 : Timeout has elapsed. (Ads-Error 0x745 : Timeout has elapsed.)
   at TwinCAT.Ads.Internal.AdsRawInterceptor.ThrowAdsException(AdsErrorCode adsErrorCode)
   at TwinCAT.Ads.Internal.AdsRawInterceptor.ReadWrite(UInt32 indexGroup, UInt32 indexOffset, Int32 rdOffset, Int32 rdLength, Byte[] rdData, Int32 wrOffset, Int32 wrLength, Byte[] wrData, Boolean throwAdsException, Int32& dataRead)
   at TwinCAT.Ads.TcAdsClient.ReadWrite(UInt32 indexGroup, UInt32 indexOffset, AdsStream rdDataStream, AdsStream wrDataStream)
   at Vortex.Adapters.Connector.Tc3.uqxsyhtfwetwacarbfio.sstcqmpglvpymedrdhkc(IEnumerable`1 c)
   at Vortex.Adapters.Connector.Tc3.uqxsyhtfwetwacarbfio.sstcqmpglvpymedrdhkl()
2022-Aug-18 13:27:33 [Error] Runtime Exception: ''
TwinCAT.Ads.AdsErrorException: Ads-Error 0x745 : Timeout has elapsed. (Ads-Error 0x745 : Timeout has elapsed.)
   at TwinCAT.Ads.Internal.AdsRawInterceptor.ThrowAdsException(AdsErrorCode adsErrorCode)
   at TwinCAT.Ads.Internal.AdsRawInterceptor.ReadWrite(UInt32 indexGroup, UInt32 indexOffset, Int32 rdOffset, Int32 rdLength, Byte[] rdData, Int32 wrOffset, Int32 wrLength, Byte[] wrData, Boolean throwAdsException, Int32& dataRead)
   at TwinCAT.Ads.TcAdsClient.ReadWrite(UInt32 indexGroup, UInt32 indexOffset, AdsStream rdDataStream, AdsStream wrDataStream)
   at Vortex.Adapters.Connector.Tc3.uqxsyhtfwetwacarbfio.sstcqmpglvpymedrdhkc(IEnumerable`1 c)
   at Vortex.Adapters.Connector.Tc3.uqxsyhtfwetwacarbfio.sstcqmpglvpymedrdhkl()
2022-Aug-18 13:27:33 [Error] Runtime Exception: ''
TwinCAT.Ads.AdsErrorException: Ads-Error 0x745 : Timeout has elapsed. (Ads-Error 0x745 : Timeout has elapsed.)
   at TwinCAT.Ads.Internal.AdsRawInterceptor.ThrowAdsException(AdsErrorCode adsErrorCode)
   at TwinCAT.Ads.Internal.AdsRawInterceptor.ReadWrite(UInt32 indexGroup, UInt32 indexOffset, Int32 rdOffset, Int32 rdLength, Byte[] rdData, Int32 wrOffset, Int32 wrLength, Byte[] wrData, Boolean throwAdsException, Int32& dataRead)
   at TwinCAT.Ads.TcAdsClient.ReadWrite(UInt32 indexGroup, UInt32 indexOffset, AdsStream rdDataStream, AdsStream wrDataStream)
   at Vortex.Adapters.Connector.Tc3.uqxsyhtfwetwacarbfio.sstcqmpglvpymedrdhkc(IEnumerable`1 c)
   at Vortex.Adapters.Connector.Tc3.uqxsyhtfwetwacarbfio.sstcqmpglvpymedrdhkl()
2022-Aug-18 13:27:33 [Error] Runtime Exception: ''
TwinCAT.Ads.AdsErrorException: Ads-Error 0x745 : Timeout has elapsed. (Ads-Error 0x745 : Timeout has elapsed.)
   at TwinCAT.Ads.Internal.AdsRawInterceptor.ThrowAdsException(AdsErrorCode adsErrorCode)
   at TwinCAT.Ads.Internal.AdsRawInterceptor.ReadWrite(UInt32 indexGroup, UInt32 indexOffset, Int32 rdOffset, Int32 rdLength, Byte[] rdData, Int32 wrOffset, Int32 wrLength, Byte[] wrData, Boolean throwAdsException, Int32& dataRead)
   at TwinCAT.Ads.TcAdsClient.ReadWrite(UInt32 indexGroup, UInt32 indexOffset, AdsStream rdDataStream, AdsStream wrDataStream)
   at Vortex.Adapters.Connector.Tc3.uqxsyhtfwetwacarbfio.sstcqmpglvpymedrdhkc(IEnumerable`1 c)
   at Vortex.Adapters.Connector.Tc3.uqxsyhtfwetwacarbfio.sstcqmpglvpymedrdhkl()
2022-Aug-18 13:27:33 [Error] Runtime Exception: ''
TwinCAT.Ads.AdsErrorException: Ads-Error 0x745 : Timeout has elapsed. (Ads-Error 0x745 : Timeout has elapsed.)
   at TwinCAT.Ads.Internal.AdsRawInterceptor.ThrowAdsException(AdsErrorCode adsErrorCode)
   at TwinCAT.Ads.Internal.AdsRawInterceptor.ReadWrite(UInt32 indexGroup, UInt32 indexOffset, Int32 rdOffset, Int32 rdLength, Byte[] rdData, Int32 wrOffset, Int32 wrLength, Byte[] wrData, Boolean throwAdsException, Int32& dataRead)
   at TwinCAT.Ads.TcAdsClient.ReadWrite(UInt32 indexGroup, UInt32 indexOffset, AdsStream rdDataStream, AdsStream wrDataStream)
   at Vortex.Adapters.Connector.Tc3.uqxsyhtfwetwacarbfio.sstcqmpglvpymedrdhkc(IEnumerable`1 c)
   at Vortex.Adapters.Connector.Tc3.uqxsyhtfwetwacarbfio.sstcqmpglvpymedrdhkl()
2022-Aug-18 13:27:33 [Error] Runtime Exception: ''
TwinCAT.Ads.AdsErrorException: Ads-Error 0x745 : Timeout has elapsed. (Ads-Error 0x745 : Timeout has elapsed.)
   at TwinCAT.Ads.Internal.AdsRawInterceptor.ThrowAdsException(AdsErrorCode adsErrorCode)
   at TwinCAT.Ads.Internal.AdsRawInterceptor.ReadWrite(UInt32 indexGroup, UInt32 indexOffset, Int32 rdOffset, Int32 rdLength, Byte[] rdData, Int32 wrOffset, Int32 wrLength, Byte[] wrData, Boolean throwAdsException, Int32& dataRead)
   at TwinCAT.Ads.TcAdsClient.ReadWrite(UInt32 indexGroup, UInt32 indexOffset, AdsStream rdDataStream, AdsStream wrDataStream)
   at Vortex.Adapters.Connector.Tc3.uqxsyhtfwetwacarbfio.sstcqmpglvpymedrdhkc(IEnumerable`1 c)
   at Vortex.Adapters.Connector.Tc3.uqxsyhtfwetwacarbfio.sstcqmpglvpymedrdhkl()
2022-Aug-18 13:27:33 [Error] Runtime Exception: ''
TwinCAT.Ads.AdsErrorException: Ads-Error 0x745 : Timeout has elapsed. (Ads-Error 0x745 : Timeout has elapsed.)
   at TwinCAT.Ads.Internal.AdsRawInterceptor.ThrowAdsException(AdsErrorCode adsErrorCode)
   at TwinCAT.Ads.Internal.AdsRawInterceptor.ReadWrite(UInt32 indexGroup, UInt32 indexOffset, Int32 rdOffset, Int32 rdLength, Byte[] rdData, Int32 wrOffset, Int32 wrLength, Byte[] wrData, Boolean throwAdsException, Int32& dataRead)
   at TwinCAT.Ads.TcAdsClient.ReadWrite(UInt32 indexGroup, UInt32 indexOffset, AdsStream rdDataStream, AdsStream wrDataStream)
   at Vortex.Adapters.Connector.Tc3.uqxsyhtfwetwacarbfio.sstcqmpglvpymedrdhkc(IEnumerable`1 c)
   at Vortex.Adapters.Connector.Tc3.uqxsyhtfwetwacarbfio.sstcqmpglvpymedrdhkl()
2022-Aug-18 13:27:33 [Error] Runtime Exception: ''
TwinCAT.Ads.AdsErrorException: Ads-Error 0x745 : Timeout has elapsed. (Ads-Error 0x745 : Timeout has elapsed.)
   at TwinCAT.Ads.Internal.AdsRawInterceptor.ThrowAdsException(AdsErrorCode adsErrorCode)
   at TwinCAT.Ads.Internal.AdsRawInterceptor.ReadWrite(UInt32 indexGroup, UInt32 indexOffset, Int32 rdOffset, Int32 rdLength, Byte[] rdData, Int32 wrOffset, Int32 wrLength, Byte[] wrData, Boolean throwAdsException, Int32& dataRead)
   at TwinCAT.Ads.TcAdsClient.ReadWrite(UInt32 indexGroup, UInt32 indexOffset, AdsStream rdDataStream, AdsStream wrDataStream)
   at Vortex.Adapters.Connector.Tc3.uqxsyhtfwetwacarbfio.sstcqmpglvpymedrdhkc(IEnumerable`1 c)
   at Vortex.Adapters.Connector.Tc3.uqxsyhtfwetwacarbfio.sstcqmpglvpymedrdhkl()
2022-Aug-18 13:27:33 [Error] Runtime Exception: ''
TwinCAT.Ads.AdsErrorException: Ads-Error 0x745 : Timeout has elapsed. (Ads-Error 0x745 : Timeout has elapsed.)
   at TwinCAT.Ads.Internal.AdsRawInterceptor.ThrowAdsException(AdsErrorCode adsErrorCode)
   at TwinCAT.Ads.Internal.AdsRawInterceptor.ReadWrite(UInt32 indexGroup, UInt32 indexOffset, Int32 rdOffset, Int32 rdLength, Byte[] rdData, Int32 wrOffset, Int32 wrLength, Byte[] wrData, Boolean throwAdsException, Int32& dataRead)
   at TwinCAT.Ads.TcAdsClient.ReadWrite(UInt32 indexGroup, UInt32 indexOffset, AdsStream rdDataStream, AdsStream wrDataStream)
   at Vortex.Adapters.Connector.Tc3.uqxsyhtfwetwacarbfio.sstcqmpglvpymedrdhkc(IEnumerable`1 c)
   at Vortex.Adapters.Connector.Tc3.uqxsyhtfwetwacarbfio.sstcqmpglvpymedrdhkl()
2022-Aug-18 13:27:33 [Error] Runtime Exception: ''
TwinCAT.Ads.AdsErrorException: Ads-Error 0x745 : Timeout has elapsed. (Ads-Error 0x745 : Timeout has elapsed.)
   at TwinCAT.Ads.Internal.AdsRawInterceptor.ThrowAdsException(AdsErrorCode adsErrorCode)
   at TwinCAT.Ads.Internal.AdsRawInterceptor.ReadWrite(UInt32 indexGroup, UInt32 indexOffset, Int32 rdOffset, Int32 rdLength, Byte[] rdData, Int32 wrOffset, Int32 wrLength, Byte[] wrData, Boolean throwAdsException, Int32& dataRead)
   at TwinCAT.Ads.TcAdsClient.ReadWrite(UInt32 indexGroup, UInt32 indexOffset, AdsStream rdDataStream, AdsStream wrDataStream)
   at Vortex.Adapters.Connector.Tc3.uqxsyhtfwetwacarbfio.sstcqmpglvpymedrdhkc(IEnumerable`1 c)
   at Vortex.Adapters.Connector.Tc3.uqxsyhtfwetwacarbfio.sstcqmpglvpymedrdhkl()
2022-Aug-18 13:27:33 [Error] Runtime Exception: ''
TwinCAT.Ads.AdsErrorException: Ads-Error 0x745 : Timeout has elapsed. (Ads-Error 0x745 : Timeout has elapsed.)
   at TwinCAT.Ads.Internal.AdsRawInterceptor.ThrowAdsException(AdsErrorCode adsErrorCode)
   at TwinCAT.Ads.Internal.AdsRawInterceptor.ReadWrite(UInt32 indexGroup, UInt32 indexOffset, Int32 rdOffset, Int32 rdLength, Byte[] rdData, Int32 wrOffset, Int32 wrLength, Byte[] wrData, Boolean throwAdsException, Int32& dataRead)
   at TwinCAT.Ads.TcAdsClient.ReadWrite(UInt32 indexGroup, UInt32 indexOffset, AdsStream rdDataStream, AdsStream wrDataStream)
   at Vortex.Adapters.Connector.Tc3.uqxsyhtfwetwacarbfio.sstcqmpglvpymedrdhkc(IEnumerable`1 c)
   at Vortex.Adapters.Connector.Tc3.uqxsyhtfwetwacarbfio.sstcqmpglvpymedrdhkl()
2022-Aug-18 13:27:33 [Error] Runtime Exception: ''
TwinCAT.Ads.AdsErrorException: Ads-Error 0x745 : Timeout has elapsed. (Ads-Error 0x745 : Timeout has elapsed.)
   at TwinCAT.Ads.Internal.AdsRawInterceptor.ThrowAdsException(AdsErrorCode adsErrorCode)
   at TwinCAT.Ads.Internal.AdsRawInterceptor.ReadWrite(UInt32 indexGroup, UInt32 indexOffset, Int32 rdOffset, Int32 rdLength, Byte[] rdData, Int32 wrOffset, Int32 wrLength, Byte[] wrData, Boolean throwAdsException, Int32& dataRead)
   at TwinCAT.Ads.TcAdsClient.ReadWrite(UInt32 indexGroup, UInt32 indexOffset, AdsStream rdDataStream, AdsStream wrDataStream)
   at Vortex.Adapters.Connector.Tc3.uqxsyhtfwetwacarbfio.sstcqmpglvpymedrdhkc(IEnumerable`1 c)
   at Vortex.Adapters.Connector.Tc3.uqxsyhtfwetwacarbfio.sstcqmpglvpymedrdhkl()
2022-Aug-18 13:27:33 [Error] Runtime Exception: ''
TwinCAT.Ads.AdsErrorException: Ads-Error 0x745 : Timeout has elapsed. (Ads-Error 0x745 : Timeout has elapsed.)
   at TwinCAT.Ads.Internal.AdsRawInterceptor.ThrowAdsException(AdsErrorCode adsErrorCode)
   at TwinCAT.Ads.Internal.AdsRawInterceptor.ReadWrite(UInt32 indexGroup, UInt32 indexOffset, Int32 rdOffset, Int32 rdLength, Byte[] rdData, Int32 wrOffset, Int32 wrLength, Byte[] wrData, Boolean throwAdsException, Int32& dataRead)
   at TwinCAT.Ads.TcAdsClient.ReadWrite(UInt32 indexGroup, UInt32 indexOffset, AdsStream rdDataStream, AdsStream wrDataStream)
   at Vortex.Adapters.Connector.Tc3.uqxsyhtfwetwacarbfio.sstcqmpglvpymedrdhkc(IEnumerable`1 c)
   at Vortex.Adapters.Connector.Tc3.uqxsyhtfwetwacarbfio.sstcqmpglvpymedrdhkl()
2022-Aug-18 13:27:33 [Error] Runtime Exception: ''
TwinCAT.Ads.AdsErrorException: Ads-Error 0x745 : Timeout has elapsed. (Ads-Error 0x745 : Timeout has elapsed.)
   at TwinCAT.Ads.Internal.AdsRawInterceptor.ThrowAdsException(AdsErrorCode adsErrorCode)
   at TwinCAT.Ads.Internal.AdsRawInterceptor.ReadWrite(UInt32 indexGroup, UInt32 indexOffset, Int32 rdOffset, Int32 rdLength, Byte[] rdData, Int32 wrOffset, Int32 wrLength, Byte[] wrData, Boolean throwAdsException, Int32& dataRead)
   at TwinCAT.Ads.TcAdsClient.ReadWrite(UInt32 indexGroup, UInt32 indexOffset, AdsStream rdDataStream, AdsStream wrDataStream)
   at Vortex.Adapters.Connector.Tc3.uqxsyhtfwetwacarbfio.sstcqmpglvpymedrdhkc(IEnumerable`1 c)
   at Vortex.Adapters.Connector.Tc3.uqxsyhtfwetwacarbfio.sstcqmpglvpymedrdhkl()
2022-Aug-18 13:27:33 [Error] Runtime Exception: ''
TwinCAT.Ads.AdsErrorException: Ads-Error 0x745 : Timeout has elapsed. (Ads-Error 0x745 : Timeout has elapsed.)
   at TwinCAT.Ads.Internal.AdsRawInterceptor.ThrowAdsException(AdsErrorCode adsErrorCode)
   at TwinCAT.Ads.Internal.AdsRawInterceptor.ReadWrite(UInt32 indexGroup, UInt32 indexOffset, Int32 rdOffset, Int32 rdLength, Byte[] rdData, Int32 wrOffset, Int32 wrLength, Byte[] wrData, Boolean throwAdsException, Int32& dataRead)
   at TwinCAT.Ads.TcAdsClient.ReadWrite(UInt32 indexGroup, UInt32 indexOffset, AdsStream rdDataStream, AdsStream wrDataStream)
   at Vortex.Adapters.Connector.Tc3.uqxsyhtfwetwacarbfio.sstcqmpglvpymedrdhkc(IEnumerable`1 c)
   at Vortex.Adapters.Connector.Tc3.uqxsyhtfwetwacarbfio.sstcqmpglvpymedrdhkl()
2022-Aug-18 13:27:33 [Error] Runtime Exception: ''
TwinCAT.Ads.AdsErrorException: Ads-Error 0x745 : Timeout has elapsed. (Ads-Error 0x745 : Timeout has elapsed.)
   at TwinCAT.Ads.Internal.AdsRawInterceptor.ThrowAdsException(AdsErrorCode adsErrorCode)
   at TwinCAT.Ads.Internal.AdsRawInterceptor.ReadWrite(UInt32 indexGroup, UInt32 indexOffset, Int32 rdOffset, Int32 rdLength, Byte[] rdData, Int32 wrOffset, Int32 wrLength, Byte[] wrData, Boolean throwAdsException, Int32& dataRead)
   at TwinCAT.Ads.TcAdsClient.ReadWrite(UInt32 indexGroup, UInt32 indexOffset, AdsStream rdDataStream, AdsStream wrDataStream)
   at Vortex.Adapters.Connector.Tc3.uqxsyhtfwetwacarbfio.sstcqmpglvpymedrdhkc(IEnumerable`1 c)
   at Vortex.Adapters.Connector.Tc3.uqxsyhtfwetwacarbfio.sstcqmpglvpymedrdhkl()
2022-Aug-18 13:27:33 [Error] Runtime Exception: ''
TwinCAT.Ads.AdsErrorException: Ads-Error 0x745 : Timeout has elapsed. (Ads-Error 0x745 : Timeout has elapsed.)
   at TwinCAT.Ads.Internal.AdsRawInterceptor.ThrowAdsException(AdsErrorCode adsErrorCode)
   at TwinCAT.Ads.Internal.AdsRawInterceptor.ReadWrite(UInt32 indexGroup, UInt32 indexOffset, Int32 rdOffset, Int32 rdLength, Byte[] rdData, Int32 wrOffset, Int32 wrLength, Byte[] wrData, Boolean throwAdsException, Int32& dataRead)
   at TwinCAT.Ads.TcAdsClient.ReadWrite(UInt32 indexGroup, UInt32 indexOffset, AdsStream rdDataStream, AdsStream wrDataStream)
   at Vortex.Adapters.Connector.Tc3.uqxsyhtfwetwacarbfio.sstcqmpglvpymedrdhkc(IEnumerable`1 c)
   at Vortex.Adapters.Connector.Tc3.uqxsyhtfwetwacarbfio.sstcqmpglvpymedrdhkl()
2022-Aug-18 13:27:33 [Error] Runtime Exception: ''
TwinCAT.Ads.AdsErrorException: Ads-Error 0x745 : Timeout has elapsed. (Ads-Error 0x745 : Timeout has elapsed.)
   at TwinCAT.Ads.Internal.AdsRawInterceptor.ThrowAdsException(AdsErrorCode adsErrorCode)
   at TwinCAT.Ads.Internal.AdsRawInterceptor.ReadWrite(UInt32 indexGroup, UInt32 indexOffset, Int32 rdOffset, Int32 rdLength, Byte[] rdData, Int32 wrOffset, Int32 wrLength, Byte[] wrData, Boolean throwAdsException, Int32& dataRead)
   at TwinCAT.Ads.TcAdsClient.ReadWrite(UInt32 indexGroup, UInt32 indexOffset, AdsStream rdDataStream, AdsStream wrDataStream)
   at Vortex.Adapters.Connector.Tc3.uqxsyhtfwetwacarbfio.sstcqmpglvpymedrdhkc(IEnumerable`1 c)
   at Vortex.Adapters.Connector.Tc3.uqxsyhtfwetwacarbfio.sstcqmpglvpymedrdhkl()
2022-Aug-18 13:27:33 [Error] Runtime Exception: ''
TwinCAT.Ads.AdsErrorException: Ads-Error 0x745 : Timeout has elapsed. (Ads-Error 0x745 : Timeout has elapsed.)
   at TwinCAT.Ads.Internal.AdsRawInterceptor.ThrowAdsException(AdsErrorCode adsErrorCode)
   at TwinCAT.Ads.Internal.AdsRawInterceptor.ReadWrite(UInt32 indexGroup, UInt32 indexOffset, Int32 rdOffset, Int32 rdLength, Byte[] rdData, Int32 wrOffset, Int32 wrLength, Byte[] wrData, Boolean throwAdsException, Int32& dataRead)
   at TwinCAT.Ads.TcAdsClient.ReadWrite(UInt32 indexGroup, UInt32 indexOffset, AdsStream rdDataStream, AdsStream wrDataStream)
   at Vortex.Adapters.Connector.Tc3.uqxsyhtfwetwacarbfio.sstcqmpglvpymedrdhkc(IEnumerable`1 c)
   at Vortex.Adapters.Connector.Tc3.uqxsyhtfwetwacarbfio.sstcqmpglvpymedrdhkl()
2022-Aug-18 13:27:33 [Error] Runtime Exception: ''
TwinCAT.Ads.AdsErrorException: Ads-Error 0x745 : Timeout has elapsed. (Ads-Error 0x745 : Timeout has elapsed.)
   at TwinCAT.Ads.Internal.AdsRawInterceptor.ThrowAdsException(AdsErrorCode adsErrorCode)
   at TwinCAT.Ads.Internal.AdsRawInterceptor.ReadWrite(UInt32 indexGroup, UInt32 indexOffset, Int32 rdOffset, Int32 rdLength, Byte[] rdData, Int32 wrOffset, Int32 wrLength, Byte[] wrData, Boolean throwAdsException, Int32& dataRead)
   at TwinCAT.Ads.TcAdsClient.ReadWrite(UInt32 indexGroup, UInt32 indexOffset, AdsStream rdDataStream, AdsStream wrDataStream)
   at Vortex.Adapters.Connector.Tc3.uqxsyhtfwetwacarbfio.sstcqmpglvpymedrdhkc(IEnumerable`1 c)
   at Vortex.Adapters.Connector.Tc3.uqxsyhtfwetwacarbfio.sstcqmpglvpymedrdhkl()
2022-Aug-18 13:27:33 [Error] Runtime Exception: ''
TwinCAT.Ads.AdsErrorException: Ads-Error 0x745 : Timeout has elapsed. (Ads-Error 0x745 : Timeout has elapsed.)
   at TwinCAT.Ads.Internal.AdsRawInterceptor.ThrowAdsException(AdsErrorCode adsErrorCode)
   at TwinCAT.Ads.Internal.AdsRawInterceptor.ReadWrite(UInt32 indexGroup, UInt32 indexOffset, Int32 rdOffset, Int32 rdLength, Byte[] rdData, Int32 wrOffset, Int32 wrLength, Byte[] wrData, Boolean throwAdsException, Int32& dataRead)
   at TwinCAT.Ads.TcAdsClient.ReadWrite(UInt32 indexGroup, UInt32 indexOffset, AdsStream rdDataStream, AdsStream wrDataStream)
   at Vortex.Adapters.Connector.Tc3.uqxsyhtfwetwacarbfio.sstcqmpglvpymedrdhkc(IEnumerable`1 c)
   at Vortex.Adapters.Connector.Tc3.uqxsyhtfwetwacarbfio.sstcqmpglvpymedrdhkl()
2022-Aug-18 13:27:33 [Error] Runtime Exception: ''
TwinCAT.Ads.AdsErrorException: Ads-Error 0x745 : Timeout has elapsed. (Ads-Error 0x745 : Timeout has elapsed.)
   at TwinCAT.Ads.Internal.AdsRawInterceptor.ThrowAdsException(AdsErrorCode adsErrorCode)
   at TwinCAT.Ads.Internal.AdsRawInterceptor.ReadWrite(UInt32 indexGroup, UInt32 indexOffset, Int32 rdOffset, Int32 rdLength, Byte[] rdData, Int32 wrOffset, Int32 wrLength, Byte[] wrData, Boolean throwAdsException, Int32& dataRead)
   at TwinCAT.Ads.TcAdsClient.ReadWrite(UInt32 indexGroup, UInt32 indexOffset, AdsStream rdDataStream, AdsStream wrDataStream)
   at Vortex.Adapters.Connector.Tc3.uqxsyhtfwetwacarbfio.sstcqmpglvpymedrdhkc(IEnumerable`1 c)
   at Vortex.Adapters.Connector.Tc3.uqxsyhtfwetwacarbfio.sstcqmpglvpymedrdhkl()
2022-Aug-18 13:27:33 [Error] Runtime Exception: ''
TwinCAT.Ads.AdsErrorException: Ads-Error 0x745 : Timeout has elapsed. (Ads-Error 0x745 : Timeout has elapsed.)
   at TwinCAT.Ads.Internal.AdsRawInterceptor.ThrowAdsException(AdsErrorCode adsErrorCode)
   at TwinCAT.Ads.Internal.AdsRawInterceptor.ReadWrite(UInt32 indexGroup, UInt32 indexOffset, Int32 rdOffset, Int32 rdLength, Byte[] rdData, Int32 wrOffset, Int32 wrLength, Byte[] wrData, Boolean throwAdsException, Int32& dataRead)
   at TwinCAT.Ads.TcAdsClient.ReadWrite(UInt32 indexGroup, UInt32 indexOffset, AdsStream rdDataStream, AdsStream wrDataStream)
   at Vortex.Adapters.Connector.Tc3.uqxsyhtfwetwacarbfio.sstcqmpglvpymedrdhkc(IEnumerable`1 c)
   at Vortex.Adapters.Connector.Tc3.uqxsyhtfwetwacarbfio.sstcqmpglvpymedrdhkl()
2022-Aug-18 13:27:33 [Error] Runtime Exception: ''
TwinCAT.Ads.AdsErrorException: Ads-Error 0x745 : Timeout has elapsed. (Ads-Error 0x745 : Timeout has elapsed.)
   at TwinCAT.Ads.Internal.AdsRawInterceptor.ThrowAdsException(AdsErrorCode adsErrorCode)
   at TwinCAT.Ads.Internal.AdsRawInterceptor.ReadWrite(UInt32 indexGroup, UInt32 indexOffset, Int32 rdOffset, Int32 rdLength, Byte[] rdData, Int32 wrOffset, Int32 wrLength, Byte[] wrData, Boolean throwAdsException, Int32& dataRead)
   at TwinCAT.Ads.TcAdsClient.ReadWrite(UInt32 indexGroup, UInt32 indexOffset, AdsStream rdDataStream, AdsStream wrDataStream)
   at Vortex.Adapters.Connector.Tc3.uqxsyhtfwetwacarbfio.sstcqmpglvpymedrdhkc(IEnumerable`1 c)
   at Vortex.Adapters.Connector.Tc3.uqxsyhtfwetwacarbfio.sstcqmpglvpymedrdhkl()
2022-Aug-18 13:27:33 [Error] Runtime Exception: ''
TwinCAT.Ads.AdsErrorException: Ads-Error 0x745 : Timeout has elapsed. (Ads-Error 0x745 : Timeout has elapsed.)
   at TwinCAT.Ads.Internal.AdsRawInterceptor.ThrowAdsException(AdsErrorCode adsErrorCode)
   at TwinCAT.Ads.Internal.AdsRawInterceptor.ReadWrite(UInt32 indexGroup, UInt32 indexOffset, Int32 rdOffset, Int32 rdLength, Byte[] rdData, Int32 wrOffset, Int32 wrLength, Byte[] wrData, Boolean throwAdsException, Int32& dataRead)
   at TwinCAT.Ads.TcAdsClient.ReadWrite(UInt32 indexGroup, UInt32 indexOffset, AdsStream rdDataStream, AdsStream wrDataStream)
   at Vortex.Adapters.Connector.Tc3.uqxsyhtfwetwacarbfio.sstcqmpglvpymedrdhkc(IEnumerable`1 c)
   at Vortex.Adapters.Connector.Tc3.uqxsyhtfwetwacarbfio.sstcqmpglvpymedrdhkl()
2022-Aug-18 13:27:33 [Error] Runtime Exception: ''
TwinCAT.Ads.AdsErrorException: Ads-Error 0x745 : Timeout has elapsed. (Ads-Error 0x745 : Timeout has elapsed.)
   at TwinCAT.Ads.Internal.AdsRawInterceptor.ThrowAdsException(AdsErrorCode adsErrorCode)
   at TwinCAT.Ads.Internal.AdsRawInterceptor.ReadWrite(UInt32 indexGroup, UInt32 indexOffset, Int32 rdOffset, Int32 rdLength, Byte[] rdData, Int32 wrOffset, Int32 wrLength, Byte[] wrData, Boolean throwAdsException, Int32& dataRead)
   at TwinCAT.Ads.TcAdsClient.ReadWrite(UInt32 indexGroup, UInt32 indexOffset, AdsStream rdDataStream, AdsStream wrDataStream)
   at Vortex.Adapters.Connector.Tc3.uqxsyhtfwetwacarbfio.sstcqmpglvpymedrdhkc(IEnumerable`1 c)
   at Vortex.Adapters.Connector.Tc3.uqxsyhtfwetwacarbfio.sstcqmpglvpymedrdhkl()
2022-Aug-18 13:27:33 [Error] Runtime Exception: ''
TwinCAT.Ads.AdsErrorException: Ads-Error 0x745 : Timeout has elapsed. (Ads-Error 0x745 : Timeout has elapsed.)
   at TwinCAT.Ads.Internal.AdsRawInterceptor.ThrowAdsException(AdsErrorCode adsErrorCode)
   at TwinCAT.Ads.Internal.AdsRawInterceptor.ReadWrite(UInt32 indexGroup, UInt32 indexOffset, Int32 rdOffset, Int32 rdLength, Byte[] rdData, Int32 wrOffset, Int32 wrLength, Byte[] wrData, Boolean throwAdsException, Int32& dataRead)
   at TwinCAT.Ads.TcAdsClient.ReadWrite(UInt32 indexGroup, UInt32 indexOffset, AdsStream rdDataStream, AdsStream wrDataStream)
   at Vortex.Adapters.Connector.Tc3.uqxsyhtfwetwacarbfio.sstcqmpglvpymedrdhkc(IEnumerable`1 c)
   at Vortex.Adapters.Connector.Tc3.uqxsyhtfwetwacarbfio.sstcqmpglvpymedrdhkl()
2022-Aug-18 13:27:33 [Error] Runtime Exception: ''
TwinCAT.Ads.AdsErrorException: Ads-Error 0x745 : Timeout has elapsed. (Ads-Error 0x745 : Timeout has elapsed.)
   at TwinCAT.Ads.Internal.AdsRawInterceptor.ThrowAdsException(AdsErrorCode adsErrorCode)
   at TwinCAT.Ads.Internal.AdsRawInterceptor.ReadWrite(UInt32 indexGroup, UInt32 indexOffset, Int32 rdOffset, Int32 rdLength, Byte[] rdData, Int32 wrOffset, Int32 wrLength, Byte[] wrData, Boolean throwAdsException, Int32& dataRead)
   at TwinCAT.Ads.TcAdsClient.ReadWrite(UInt32 indexGroup, UInt32 indexOffset, AdsStream rdDataStream, AdsStream wrDataStream)
   at Vortex.Adapters.Connector.Tc3.uqxsyhtfwetwacarbfio.sstcqmpglvpymedrdhkc(IEnumerable`1 c)
   at Vortex.Adapters.Connector.Tc3.uqxsyhtfwetwacarbfio.sstcqmpglvpymedrdhkl()
2022-Aug-18 13:27:33 [Error] Runtime Exception: ''
TwinCAT.Ads.AdsErrorException: Ads-Error 0x745 : Timeout has elapsed. (Ads-Error 0x745 : Timeout has elapsed.)
   at TwinCAT.Ads.Internal.AdsRawInterceptor.ThrowAdsException(AdsErrorCode adsErrorCode)
   at TwinCAT.Ads.Internal.AdsRawInterceptor.ReadWrite(UInt32 indexGroup, UInt32 indexOffset, Int32 rdOffset, Int32 rdLength, Byte[] rdData, Int32 wrOffset, Int32 wrLength, Byte[] wrData, Boolean throwAdsException, Int32& dataRead)
   at TwinCAT.Ads.TcAdsClient.ReadWrite(UInt32 indexGroup, UInt32 indexOffset, AdsStream rdDataStream, AdsStream wrDataStream)
   at Vortex.Adapters.Connector.Tc3.uqxsyhtfwetwacarbfio.sstcqmpglvpymedrdhkc(IEnumerable`1 c)
   at Vortex.Adapters.Connector.Tc3.uqxsyhtfwetwacarbfio.sstcqmpglvpymedrdhkl()
2022-Aug-18 13:27:33 [Error] Runtime Exception: ''
TwinCAT.Ads.AdsErrorException: Ads-Error 0x745 : Timeout has elapsed. (Ads-Error 0x745 : Timeout has elapsed.)
   at TwinCAT.Ads.Internal.AdsRawInterceptor.ThrowAdsException(AdsErrorCode adsErrorCode)
   at TwinCAT.Ads.Internal.AdsRawInterceptor.ReadWrite(UInt32 indexGroup, UInt32 indexOffset, Int32 rdOffset, Int32 rdLength, Byte[] rdData, Int32 wrOffset, Int32 wrLength, Byte[] wrData, Boolean throwAdsException, Int32& dataRead)
   at TwinCAT.Ads.TcAdsClient.ReadWrite(UInt32 indexGroup, UInt32 indexOffset, AdsStream rdDataStream, AdsStream wrDataStream)
   at Vortex.Adapters.Connector.Tc3.uqxsyhtfwetwacarbfio.sstcqmpglvpymedrdhkc(IEnumerable`1 c)
   at Vortex.Adapters.Connector.Tc3.uqxsyhtfwetwacarbfio.sstcqmpglvpymedrdhkl()
2022-Aug-18 13:27:33 [Error] Runtime Exception: ''
TwinCAT.Ads.AdsErrorException: Ads-Error 0x745 : Timeout has elapsed. (Ads-Error 0x745 : Timeout has elapsed.)
   at TwinCAT.Ads.Internal.AdsRawInterceptor.ThrowAdsException(AdsErrorCode adsErrorCode)
   at TwinCAT.Ads.Internal.AdsRawInterceptor.ReadWrite(UInt32 indexGroup, UInt32 indexOffset, Int32 rdOffset, Int32 rdLength, Byte[] rdData, Int32 wrOffset, Int32 wrLength, Byte[] wrData, Boolean throwAdsException, Int32& dataRead)
   at TwinCAT.Ads.TcAdsClient.ReadWrite(UInt32 indexGroup, UInt32 indexOffset, AdsStream rdDataStream, AdsStream wrDataStream)
   at Vortex.Adapters.Connector.Tc3.uqxsyhtfwetwacarbfio.sstcqmpglvpymedrdhkc(IEnumerable`1 c)
   at Vortex.Adapters.Connector.Tc3.uqxsyhtfwetwacarbfio.sstcqmpglvpymedrdhkl()
2022-Aug-18 13:27:33 [Error] Runtime Exception: ''
TwinCAT.Ads.AdsErrorException: Ads-Error 0x745 : Timeout has elapsed. (Ads-Error 0x745 : Timeout has elapsed.)
   at TwinCAT.Ads.Internal.AdsRawInterceptor.ThrowAdsException(AdsErrorCode adsErrorCode)
   at TwinCAT.Ads.Internal.AdsRawInterceptor.ReadWrite(UInt32 indexGroup, UInt32 indexOffset, Int32 rdOffset, Int32 rdLength, Byte[] rdData, Int32 wrOffset, Int32 wrLength, Byte[] wrData, Boolean throwAdsException, Int32& dataRead)
   at TwinCAT.Ads.TcAdsClient.ReadWrite(UInt32 indexGroup, UInt32 indexOffset, AdsStream rdDataStream, AdsStream wrDataStream)
   at Vortex.Adapters.Connector.Tc3.uqxsyhtfwetwacarbfio.sstcqmpglvpymedrdhkc(IEnumerable`1 c)
   at Vortex.Adapters.Connector.Tc3.uqxsyhtfwetwacarbfio.sstcqmpglvpymedrdhkl()
2022-Aug-18 13:27:33 [Error] Runtime Exception: ''
TwinCAT.Ads.AdsErrorException: Ads-Error 0x745 : Timeout has elapsed. (Ads-Error 0x745 : Timeout has elapsed.)
   at TwinCAT.Ads.Internal.AdsRawInterceptor.ThrowAdsException(AdsErrorCode adsErrorCode)
   at TwinCAT.Ads.Internal.AdsRawInterceptor.ReadWrite(UInt32 indexGroup, UInt32 indexOffset, Int32 rdOffset, Int32 rdLength, Byte[] rdData, Int32 wrOffset, Int32 wrLength, Byte[] wrData, Boolean throwAdsException, Int32& dataRead)
   at TwinCAT.Ads.TcAdsClient.ReadWrite(UInt32 indexGroup, UInt32 indexOffset, AdsStream rdDataStream, AdsStream wrDataStream)
   at Vortex.Adapters.Connector.Tc3.uqxsyhtfwetwacarbfio.sstcqmpglvpymedrdhkc(IEnumerable`1 c)
   at Vortex.Adapters.Connector.Tc3.uqxsyhtfwetwacarbfio.sstcqmpglvpymedrdhkl()
2022-Aug-18 13:27:33 [Error] Runtime Exception: ''
TwinCAT.Ads.AdsErrorException: Ads-Error 0x745 : Timeout has elapsed. (Ads-Error 0x745 : Timeout has elapsed.)
   at TwinCAT.Ads.Internal.AdsRawInterceptor.ThrowAdsException(AdsErrorCode adsErrorCode)
   at TwinCAT.Ads.Internal.AdsRawInterceptor.ReadWrite(UInt32 indexGroup, UInt32 indexOffset, Int32 rdOffset, Int32 rdLength, Byte[] rdData, Int32 wrOffset, Int32 wrLength, Byte[] wrData, Boolean throwAdsException, Int32& dataRead)
   at TwinCAT.Ads.TcAdsClient.ReadWrite(UInt32 indexGroup, UInt32 indexOffset, AdsStream rdDataStream, AdsStream wrDataStream)
   at Vortex.Adapters.Connector.Tc3.uqxsyhtfwetwacarbfio.sstcqmpglvpymedrdhkc(IEnumerable`1 c)
   at Vortex.Adapters.Connector.Tc3.uqxsyhtfwetwacarbfio.sstcqmpglvpymedrdhkl()
2022-Aug-18 13:27:33 [Error] Runtime Exception: ''
TwinCAT.Ads.AdsErrorException: Ads-Error 0x745 : Timeout has elapsed. (Ads-Error 0x745 : Timeout has elapsed.)
   at TwinCAT.Ads.Internal.AdsRawInterceptor.ThrowAdsException(AdsErrorCode adsErrorCode)
   at TwinCAT.Ads.Internal.AdsRawInterceptor.ReadWrite(UInt32 indexGroup, UInt32 indexOffset, Int32 rdOffset, Int32 rdLength, Byte[] rdData, Int32 wrOffset, Int32 wrLength, Byte[] wrData, Boolean throwAdsException, Int32& dataRead)
   at TwinCAT.Ads.TcAdsClient.ReadWrite(UInt32 indexGroup, UInt32 indexOffset, AdsStream rdDataStream, AdsStream wrDataStream)
   at Vortex.Adapters.Connector.Tc3.uqxsyhtfwetwacarbfio.sstcqmpglvpymedrdhkc(IEnumerable`1 c)
   at Vortex.Adapters.Connector.Tc3.uqxsyhtfwetwacarbfio.sstcqmpglvpymedrdhkl()
2022-Aug-18 13:27:33 [Error] Runtime Exception: ''
TwinCAT.Ads.AdsErrorException: Ads-Error 0x745 : Timeout has elapsed. (Ads-Error 0x745 : Timeout has elapsed.)
   at TwinCAT.Ads.Internal.AdsRawInterceptor.ThrowAdsException(AdsErrorCode adsErrorCode)
   at TwinCAT.Ads.Internal.AdsRawInterceptor.ReadWrite(UInt32 indexGroup, UInt32 indexOffset, Int32 rdOffset, Int32 rdLength, Byte[] rdData, Int32 wrOffset, Int32 wrLength, Byte[] wrData, Boolean throwAdsException, Int32& dataRead)
   at TwinCAT.Ads.TcAdsClient.ReadWrite(UInt32 indexGroup, UInt32 indexOffset, AdsStream rdDataStream, AdsStream wrDataStream)
   at Vortex.Adapters.Connector.Tc3.uqxsyhtfwetwacarbfio.sstcqmpglvpymedrdhkc(IEnumerable`1 c)
   at Vortex.Adapters.Connector.Tc3.uqxsyhtfwetwacarbfio.sstcqmpglvpymedrdhkl()
2022-Aug-18 13:27:33 [Error] Runtime Exception: ''
TwinCAT.Ads.AdsErrorException: Ads-Error 0x745 : Timeout has elapsed. (Ads-Error 0x745 : Timeout has elapsed.)
   at TwinCAT.Ads.Internal.AdsRawInterceptor.ThrowAdsException(AdsErrorCode adsErrorCode)
   at TwinCAT.Ads.Internal.AdsRawInterceptor.ReadWrite(UInt32 indexGroup, UInt32 indexOffset, Int32 rdOffset, Int32 rdLength, Byte[] rdData, Int32 wrOffset, Int32 wrLength, Byte[] wrData, Boolean throwAdsException, Int32& dataRead)
   at TwinCAT.Ads.TcAdsClient.ReadWrite(UInt32 indexGroup, UInt32 indexOffset, AdsStream rdDataStream, AdsStream wrDataStream)
   at Vortex.Adapters.Connector.Tc3.uqxsyhtfwetwacarbfio.sstcqmpglvpymedrdhkc(IEnumerable`1 c)
   at Vortex.Adapters.Connector.Tc3.uqxsyhtfwetwacarbfio.sstcqmpglvpymedrdhkl()
2022-Aug-18 13:27:33 [Error] Runtime Exception: ''
TwinCAT.Ads.AdsErrorException: Ads-Error 0x745 : Timeout has elapsed. (Ads-Error 0x745 : Timeout has elapsed.)
   at TwinCAT.Ads.Internal.AdsRawInterceptor.ThrowAdsException(AdsErrorCode adsErrorCode)
   at TwinCAT.Ads.Internal.AdsRawInterceptor.ReadWrite(UInt32 indexGroup, UInt32 indexOffset, Int32 rdOffset, Int32 rdLength, Byte[] rdData, Int32 wrOffset, Int32 wrLength, Byte[] wrData, Boolean throwAdsException, Int32& dataRead)
   at TwinCAT.Ads.TcAdsClient.ReadWrite(UInt32 indexGroup, UInt32 indexOffset, AdsStream rdDataStream, AdsStream wrDataStream)
   at Vortex.Adapters.Connector.Tc3.uqxsyhtfwetwacarbfio.sstcqmpglvpymedrdhkc(IEnumerable`1 c)
   at Vortex.Adapters.Connector.Tc3.uqxsyhtfwetwacarbfio.sstcqmpglvpymedrdhkl()
2022-Aug-18 13:27:33 [Error] Runtime Exception: ''
TwinCAT.Ads.AdsErrorException: Ads-Error 0x745 : Timeout has elapsed. (Ads-Error 0x745 : Timeout has elapsed.)
   at TwinCAT.Ads.Internal.AdsRawInterceptor.ThrowAdsException(AdsErrorCode adsErrorCode)
   at TwinCAT.Ads.Internal.AdsRawInterceptor.ReadWrite(UInt32 indexGroup, UInt32 indexOffset, Int32 rdOffset, Int32 rdLength, Byte[] rdData, Int32 wrOffset, Int32 wrLength, Byte[] wrData, Boolean throwAdsException, Int32& dataRead)
   at TwinCAT.Ads.TcAdsClient.ReadWrite(UInt32 indexGroup, UInt32 indexOffset, AdsStream rdDataStream, AdsStream wrDataStream)
   at Vortex.Adapters.Connector.Tc3.uqxsyhtfwetwacarbfio.sstcqmpglvpymedrdhkc(IEnumerable`1 c)
   at Vortex.Adapters.Connector.Tc3.uqxsyhtfwetwacarbfio.sstcqmpglvpymedrdhkl()
2022-Aug-18 13:27:33 [Error] Runtime Exception: ''
TwinCAT.Ads.AdsErrorException: Ads-Error 0x745 : Timeout has elapsed. (Ads-Error 0x745 : Timeout has elapsed.)
   at TwinCAT.Ads.Internal.AdsRawInterceptor.ThrowAdsException(AdsErrorCode adsErrorCode)
   at TwinCAT.Ads.Internal.AdsRawInterceptor.ReadWrite(UInt32 indexGroup, UInt32 indexOffset, Int32 rdOffset, Int32 rdLength, Byte[] rdData, Int32 wrOffset, Int32 wrLength, Byte[] wrData, Boolean throwAdsException, Int32& dataRead)
   at TwinCAT.Ads.TcAdsClient.ReadWrite(UInt32 indexGroup, UInt32 indexOffset, AdsStream rdDataStream, AdsStream wrDataStream)
   at Vortex.Adapters.Connector.Tc3.uqxsyhtfwetwacarbfio.sstcqmpglvpymedrdhkc(IEnumerable`1 c)
   at Vortex.Adapters.Connector.Tc3.uqxsyhtfwetwacarbfio.sstcqmpglvpymedrdhkl()
2022-Aug-18 13:27:33 [Error] Runtime Exception: ''
TwinCAT.Ads.AdsErrorException: Ads-Error 0x745 : Timeout has elapsed. (Ads-Error 0x745 : Timeout has elapsed.)
   at TwinCAT.Ads.Internal.AdsRawInterceptor.ThrowAdsException(AdsErrorCode adsErrorCode)
   at TwinCAT.Ads.Internal.AdsRawInterceptor.ReadWrite(UInt32 indexGroup, UInt32 indexOffset, Int32 rdOffset, Int32 rdLength, Byte[] rdData, Int32 wrOffset, Int32 wrLength, Byte[] wrData, Boolean throwAdsException, Int32& dataRead)
   at TwinCAT.Ads.TcAdsClient.ReadWrite(UInt32 indexGroup, UInt32 indexOffset, AdsStream rdDataStream, AdsStream wrDataStream)
   at Vortex.Adapters.Connector.Tc3.uqxsyhtfwetwacarbfio.sstcqmpglvpymedrdhkc(IEnumerable`1 c)
   at Vortex.Adapters.Connector.Tc3.uqxsyhtfwetwacarbfio.sstcqmpglvpymedrdhkl()
2022-Aug-18 13:27:33 [Error] Runtime Exception: ''
TwinCAT.Ads.AdsErrorException: Ads-Error 0x745 : Timeout has elapsed. (Ads-Error 0x745 : Timeout has elapsed.)
   at TwinCAT.Ads.Internal.AdsRawInterceptor.ThrowAdsException(AdsErrorCode adsErrorCode)
   at TwinCAT.Ads.Internal.AdsRawInterceptor.ReadWrite(UInt32 indexGroup, UInt32 indexOffset, Int32 rdOffset, Int32 rdLength, Byte[] rdData, Int32 wrOffset, Int32 wrLength, Byte[] wrData, Boolean throwAdsException, Int32& dataRead)
   at TwinCAT.Ads.TcAdsClient.ReadWrite(UInt32 indexGroup, UInt32 indexOffset, AdsStream rdDataStream, AdsStream wrDataStream)
   at Vortex.Adapters.Connector.Tc3.uqxsyhtfwetwacarbfio.sstcqmpglvpymedrdhkc(IEnumerable`1 c)
   at Vortex.Adapters.Connector.Tc3.uqxsyhtfwetwacarbfio.sstcqmpglvpymedrdhkl()
2022-Aug-18 13:27:33 [Error] Runtime Exception: ''
TwinCAT.Ads.AdsErrorException: Ads-Error 0x745 : Timeout has elapsed. (Ads-Error 0x745 : Timeout has elapsed.)
   at TwinCAT.Ads.Internal.AdsRawInterceptor.ThrowAdsException(AdsErrorCode adsErrorCode)
   at TwinCAT.Ads.Internal.AdsRawInterceptor.ReadWrite(UInt32 indexGroup, UInt32 indexOffset, Int32 rdOffset, Int32 rdLength, Byte[] rdData, Int32 wrOffset, Int32 wrLength, Byte[] wrData, Boolean throwAdsException, Int32& dataRead)
   at TwinCAT.Ads.TcAdsClient.ReadWrite(UInt32 indexGroup, UInt32 indexOffset, AdsStream rdDataStream, AdsStream wrDataStream)
   at Vortex.Adapters.Connector.Tc3.uqxsyhtfwetwacarbfio.sstcqmpglvpymedrdhkc(IEnumerable`1 c)
   at Vortex.Adapters.Connector.Tc3.uqxsyhtfwetwacarbfio.sstcqmpglvpymedrdhkl()
2022-Aug-18 13:27:33 [Error] Runtime Exception: ''
TwinCAT.Ads.AdsErrorException: Ads-Error 0x745 : Timeout has elapsed. (Ads-Error 0x745 : Timeout has elapsed.)
   at TwinCAT.Ads.Internal.AdsRawInterceptor.ThrowAdsException(AdsErrorCode adsErrorCode)
   at TwinCAT.Ads.Internal.AdsRawInterceptor.ReadWrite(UInt32 indexGroup, UInt32 indexOffset, Int32 rdOffset, Int32 rdLength, Byte[] rdData, Int32 wrOffset, Int32 wrLength, Byte[] wrData, Boolean throwAdsException, Int32& dataRead)
   at TwinCAT.Ads.TcAdsClient.ReadWrite(UInt32 indexGroup, UInt32 indexOffset, AdsStream rdDataStream, AdsStream wrDataStream)
   at Vortex.Adapters.Connector.Tc3.uqxsyhtfwetwacarbfio.sstcqmpglvpymedrdhkc(IEnumerable`1 c)
   at Vortex.Adapters.Connector.Tc3.uqxsyhtfwetwacarbfio.sstcqmpglvpymedrdhkl()
2022-Aug-18 13:27:33 [Error] Runtime Exception: ''
TwinCAT.Ads.AdsErrorException: Ads-Error 0x745 : Timeout has elapsed. (Ads-Error 0x745 : Timeout has elapsed.)
   at TwinCAT.Ads.Internal.AdsRawInterceptor.ThrowAdsException(AdsErrorCode adsErrorCode)
   at TwinCAT.Ads.Internal.AdsRawInterceptor.ReadWrite(UInt32 indexGroup, UInt32 indexOffset, Int32 rdOffset, Int32 rdLength, Byte[] rdData, Int32 wrOffset, Int32 wrLength, Byte[] wrData, Boolean throwAdsException, Int32& dataRead)
   at TwinCAT.Ads.TcAdsClient.ReadWrite(UInt32 indexGroup, UInt32 indexOffset, AdsStream rdDataStream, AdsStream wrDataStream)
   at Vortex.Adapters.Connector.Tc3.uqxsyhtfwetwacarbfio.sstcqmpglvpymedrdhkc(IEnumerable`1 c)
   at Vortex.Adapters.Connector.Tc3.uqxsyhtfwetwacarbfio.sstcqmpglvpymedrdhkl()
2022-Aug-18 13:27:33 [Error] Runtime Exception: ''
TwinCAT.Ads.AdsErrorException: Ads-Error 0x745 : Timeout has elapsed. (Ads-Error 0x745 : Timeout has elapsed.)
   at TwinCAT.Ads.Internal.AdsRawInterceptor.ThrowAdsException(AdsErrorCode adsErrorCode)
   at TwinCAT.Ads.Internal.AdsRawInterceptor.ReadWrite(UInt32 indexGroup, UInt32 indexOffset, Int32 rdOffset, Int32 rdLength, Byte[] rdData, Int32 wrOffset, Int32 wrLength, Byte[] wrData, Boolean throwAdsException, Int32& dataRead)
   at TwinCAT.Ads.TcAdsClient.ReadWrite(UInt32 indexGroup, UInt32 indexOffset, AdsStream rdDataStream, AdsStream wrDataStream)
   at Vortex.Adapters.Connector.Tc3.uqxsyhtfwetwacarbfio.sstcqmpglvpymedrdhkc(IEnumerable`1 c)
   at Vortex.Adapters.Connector.Tc3.uqxsyhtfwetwacarbfio.sstcqmpglvpymedrdhkl()
2022-Aug-18 13:27:33 [Error] Runtime Exception: ''
TwinCAT.Ads.AdsErrorException: Ads-Error 0x745 : Timeout has elapsed. (Ads-Error 0x745 : Timeout has elapsed.)
   at TwinCAT.Ads.Internal.AdsRawInterceptor.ThrowAdsException(AdsErrorCode adsErrorCode)
   at TwinCAT.Ads.Internal.AdsRawInterceptor.ReadWrite(UInt32 indexGroup, UInt32 indexOffset, Int32 rdOffset, Int32 rdLength, Byte[] rdData, Int32 wrOffset, Int32 wrLength, Byte[] wrData, Boolean throwAdsException, Int32& dataRead)
   at TwinCAT.Ads.TcAdsClient.ReadWrite(UInt32 indexGroup, UInt32 indexOffset, AdsStream rdDataStream, AdsStream wrDataStream)
   at Vortex.Adapters.Connector.Tc3.uqxsyhtfwetwacarbfio.sstcqmpglvpymedrdhkc(IEnumerable`1 c)
   at Vortex.Adapters.Connector.Tc3.uqxsyhtfwetwacarbfio.sstcqmpglvpymedrdhkl()
2022-Aug-18 13:27:33 [Error] Runtime Exception: ''
TwinCAT.Ads.AdsErrorException: Ads-Error 0x745 : Timeout has elapsed. (Ads-Error 0x745 : Timeout has elapsed.)
   at TwinCAT.Ads.Internal.AdsRawInterceptor.ThrowAdsException(AdsErrorCode adsErrorCode)
   at TwinCAT.Ads.Internal.AdsRawInterceptor.ReadWrite(UInt32 indexGroup, UInt32 indexOffset, Int32 rdOffset, Int32 rdLength, Byte[] rdData, Int32 wrOffset, Int32 wrLength, Byte[] wrData, Boolean throwAdsException, Int32& dataRead)
   at TwinCAT.Ads.TcAdsClient.ReadWrite(UInt32 indexGroup, UInt32 indexOffset, AdsStream rdDataStream, AdsStream wrDataStream)
   at Vortex.Adapters.Connector.Tc3.uqxsyhtfwetwacarbfio.sstcqmpglvpymedrdhkc(IEnumerable`1 c)
   at Vortex.Adapters.Connector.Tc3.uqxsyhtfwetwacarbfio.sstcqmpglvpymedrdhkl()
2022-Aug-18 13:27:33 [Error] Runtime Exception: ''
TwinCAT.Ads.AdsErrorException: Ads-Error 0x745 : Timeout has elapsed. (Ads-Error 0x745 : Timeout has elapsed.)
   at TwinCAT.Ads.Internal.AdsRawInterceptor.ThrowAdsException(AdsErrorCode adsErrorCode)
   at TwinCAT.Ads.Internal.AdsRawInterceptor.ReadWrite(UInt32 indexGroup, UInt32 indexOffset, Int32 rdOffset, Int32 rdLength, Byte[] rdData, Int32 wrOffset, Int32 wrLength, Byte[] wrData, Boolean throwAdsException, Int32& dataRead)
   at TwinCAT.Ads.TcAdsClient.ReadWrite(UInt32 indexGroup, UInt32 indexOffset, AdsStream rdDataStream, AdsStream wrDataStream)
   at Vortex.Adapters.Connector.Tc3.uqxsyhtfwetwacarbfio.sstcqmpglvpymedrdhkc(IEnumerable`1 c)
   at Vortex.Adapters.Connector.Tc3.uqxsyhtfwetwacarbfio.sstcqmpglvpymedrdhkl()
2022-Aug-18 13:27:33 [Error] Runtime Exception: ''
TwinCAT.Ads.AdsErrorException: Ads-Error 0x745 : Timeout has elapsed. (Ads-Error 0x745 : Timeout has elapsed.)
   at TwinCAT.Ads.Internal.AdsRawInterceptor.ThrowAdsException(AdsErrorCode adsErrorCode)
   at TwinCAT.Ads.Internal.AdsRawInterceptor.ReadWrite(UInt32 indexGroup, UInt32 indexOffset, Int32 rdOffset, Int32 rdLength, Byte[] rdData, Int32 wrOffset, Int32 wrLength, Byte[] wrData, Boolean throwAdsException, Int32& dataRead)
   at TwinCAT.Ads.TcAdsClient.ReadWrite(UInt32 indexGroup, UInt32 indexOffset, AdsStream rdDataStream, AdsStream wrDataStream)
   at Vortex.Adapters.Connector.Tc3.uqxsyhtfwetwacarbfio.sstcqmpglvpymedrdhkc(IEnumerable`1 c)
   at Vortex.Adapters.Connector.Tc3.uqxsyhtfwetwacarbfio.sstcqmpglvpymedrdhkl()
2022-Aug-18 13:27:33 [Error] Runtime Exception: ''
TwinCAT.Ads.AdsErrorException: Ads-Error 0x745 : Timeout has elapsed. (Ads-Error 0x745 : Timeout has elapsed.)
   at TwinCAT.Ads.Internal.AdsRawInterceptor.ThrowAdsException(AdsErrorCode adsErrorCode)
   at TwinCAT.Ads.Internal.AdsRawInterceptor.ReadWrite(UInt32 indexGroup, UInt32 indexOffset, Int32 rdOffset, Int32 rdLength, Byte[] rdData, Int32 wrOffset, Int32 wrLength, Byte[] wrData, Boolean throwAdsException, Int32& dataRead)
   at TwinCAT.Ads.TcAdsClient.ReadWrite(UInt32 indexGroup, UInt32 indexOffset, AdsStream rdDataStream, AdsStream wrDataStream)
   at Vortex.Adapters.Connector.Tc3.uqxsyhtfwetwacarbfio.sstcqmpglvpymedrdhkc(IEnumerable`1 c)
   at Vortex.Adapters.Connector.Tc3.uqxsyhtfwetwacarbfio.sstcqmpglvpymedrdhkl()
2022-Aug-18 13:27:33 [Error] Runtime Exception: ''
TwinCAT.Ads.AdsErrorException: Ads-Error 0x745 : Timeout has elapsed. (Ads-Error 0x745 : Timeout has elapsed.)
   at TwinCAT.Ads.Internal.AdsRawInterceptor.ThrowAdsException(AdsErrorCode adsErrorCode)
   at TwinCAT.Ads.Internal.AdsRawInterceptor.ReadWrite(UInt32 indexGroup, UInt32 indexOffset, Int32 rdOffset, Int32 rdLength, Byte[] rdData, Int32 wrOffset, Int32 wrLength, Byte[] wrData, Boolean throwAdsException, Int32& dataRead)
   at TwinCAT.Ads.TcAdsClient.ReadWrite(UInt32 indexGroup, UInt32 indexOffset, AdsStream rdDataStream, AdsStream wrDataStream)
   at Vortex.Adapters.Connector.Tc3.uqxsyhtfwetwacarbfio.sstcqmpglvpymedrdhkc(IEnumerable`1 c)
   at Vortex.Adapters.Connector.Tc3.uqxsyhtfwetwacarbfio.sstcqmpglvpymedrdhkl()
2022-Aug-18 13:27:33 [Error] Runtime Exception: ''
TwinCAT.Ads.AdsErrorException: Ads-Error 0x745 : Timeout has elapsed. (Ads-Error 0x745 : Timeout has elapsed.)
   at TwinCAT.Ads.Internal.AdsRawInterceptor.ThrowAdsException(AdsErrorCode adsErrorCode)
   at TwinCAT.Ads.Internal.AdsRawInterceptor.ReadWrite(UInt32 indexGroup, UInt32 indexOffset, Int32 rdOffset, Int32 rdLength, Byte[] rdData, Int32 wrOffset, Int32 wrLength, Byte[] wrData, Boolean throwAdsException, Int32& dataRead)
   at TwinCAT.Ads.TcAdsClient.ReadWrite(UInt32 indexGroup, UInt32 indexOffset, AdsStream rdDataStream, AdsStream wrDataStream)
   at Vortex.Adapters.Connector.Tc3.uqxsyhtfwetwacarbfio.sstcqmpglvpymedrdhkc(IEnumerable`1 c)
   at Vortex.Adapters.Connector.Tc3.uqxsyhtfwetwacarbfio.sstcqmpglvpymedrdhkl()
2022-Aug-18 13:27:33 [Error] Runtime Exception: ''
TwinCAT.Ads.AdsErrorException: Ads-Error 0x745 : Timeout has elapsed. (Ads-Error 0x745 : Timeout has elapsed.)
   at TwinCAT.Ads.Internal.AdsRawInterceptor.ThrowAdsException(AdsErrorCode adsErrorCode)
   at TwinCAT.Ads.Internal.AdsRawInterceptor.ReadWrite(UInt32 indexGroup, UInt32 indexOffset, Int32 rdOffset, Int32 rdLength, Byte[] rdData, Int32 wrOffset, Int32 wrLength, Byte[] wrData, Boolean throwAdsException, Int32& dataRead)
   at TwinCAT.Ads.TcAdsClient.ReadWrite(UInt32 indexGroup, UInt32 indexOffset, AdsStream rdDataStream, AdsStream wrDataStream)
   at Vortex.Adapters.Connector.Tc3.uqxsyhtfwetwacarbfio.sstcqmpglvpymedrdhkc(IEnumerable`1 c)
   at Vortex.Adapters.Connector.Tc3.uqxsyhtfwetwacarbfio.sstcqmpglvpymedrdhkl()
